<?xml version="1.0" encoding="UTF-8" ?>
<testsuite tests="18" failures="0" name="com.zl.test.sql.OrderDaoTest" time="1.321" errors="18" skipped="0">
  <properties>
[...]
</properties>
  <testcase classname="com.zl.test.sql.OrderDaoTest" name="test" time="0.099">
    <error message="Could not initialize class org.mybatis.caches.ehcache.EhcacheCache" type="java.lang.NoClassDefFoundError">java.lang.NoClassDefFoundError: Could not initialize class org.mybatis.caches.ehcache.EhcacheCache
	at java.lang.Class.forName0(Native Method)
	at java.lang.Class.forName(Class.java:348)
	at org.apache.ibatis.io.ClassLoaderWrapper.classForName(ClassLoaderWrapper.java:186)
	at org.apache.ibatis.io.ClassLoaderWrapper.classForName(ClassLoaderWrapper.java:89)
	at org.apache.ibatis.io.Resources.classForName(Resources.java:261)
	at org.apache.ibatis.type.TypeAliasRegistry.resolveAlias(TypeAliasRegistry.java:116)
	at org.apache.ibatis.builder.xml.XMLMapperBuilder.cacheElement(XMLMapperBuilder.java:202)
	at org.apache.ibatis.builder.xml.XMLMapperBuilder.configurationElement(XMLMapperBuilder.java:114)
	at org.apache.ibatis.builder.xml.XMLMapperBuilder.parse(XMLMapperBuilder.java:92)
	at org.apache.ibatis.builder.annotation.MapperAnnotationBuilder.loadXmlResource(MapperAnnotationBuilder.java:173)
	at org.apache.ibatis.builder.annotation.MapperAnnotationBuilder.parse(MapperAnnotationBuilder.java:124)
	at org.apache.ibatis.binding.MapperRegistry.addMapper(MapperRegistry.java:72)
	at org.apache.ibatis.binding.MapperRegistry.addMappers(MapperRegistry.java:97)
	at org.apache.ibatis.binding.MapperRegistry.addMappers(MapperRegistry.java:105)
	at org.apache.ibatis.session.Configuration.addMappers(Configuration.java:724)
	at org.apache.ibatis.builder.xml.XMLConfigBuilder.mapperElement(XMLConfigBuilder.java:360)
	at org.apache.ibatis.builder.xml.XMLConfigBuilder.parseConfiguration(XMLConfigBuilder.java:118)
	at org.apache.ibatis.builder.xml.XMLConfigBuilder.parse(XMLConfigBuilder.java:98)
	at org.apache.ibatis.session.SqlSessionFactoryBuilder.build(SqlSessionFactoryBuilder.java:78)
	at org.apache.ibatis.session.SqlSessionFactoryBuilder.build(SqlSessionFactoryBuilder.java:64)
	at com.zl.utils.MyBatisUtils.getnewInstance(MyBatisUtils.java:28)
	at com.zl.test.sql.OrderDaoTest.before(OrderDaoTest.java:44)
	at sun.reflect.NativeMethodAccessorImpl.invoke0(Native Method)
	at sun.reflect.NativeMethodAccessorImpl.invoke(NativeMethodAccessorImpl.java:62)
	at sun.reflect.DelegatingMethodAccessorImpl.invoke(DelegatingMethodAccessorImpl.java:43)
	at java.lang.reflect.Method.invoke(Method.java:498)
	at org.junit.runners.model.FrameworkMethod$1.runReflectiveCall(FrameworkMethod.java:45)
	at org.junit.internal.runners.model.ReflectiveCallable.run(ReflectiveCallable.java:15)
	at org.junit.runners.model.FrameworkMethod.invokeExplosively(FrameworkMethod.java:42)
	at org.junit.internal.runners.statements.RunBefores.evaluate(RunBefores.java:27)
	at org.junit.runners.ParentRunner.runLeaf(ParentRunner.java:263)
	at org.junit.runners.BlockJUnit4ClassRunner.runChild(BlockJUnit4ClassRunner.java:68)
	at org.junit.runners.BlockJUnit4ClassRunner.runChild(BlockJUnit4ClassRunner.java:47)
	at org.junit.runners.ParentRunner$3.run(ParentRunner.java:231)
	at org.junit.runners.ParentRunner$1.schedule(ParentRunner.java:60)
	at org.junit.runners.ParentRunner.runChildren(ParentRunner.java:229)
	at org.junit.runners.ParentRunner.access$000(ParentRunner.java:50)
	at org.junit.runners.ParentRunner$2.evaluate(ParentRunner.java:222)
	at org.junit.runners.ParentRunner.run(ParentRunner.java:300)
	at org.apache.maven.surefire.junit4.JUnit4Provider.execute(JUnit4Provider.java:252)
	at org.apache.maven.surefire.junit4.JUnit4Provider.executeTestSet(JUnit4Provider.java:141)
	at org.apache.maven.surefire.junit4.JUnit4Provider.invoke(JUnit4Provider.java:112)
	at sun.reflect.NativeMethodAccessorImpl.invoke0(Native Method)
	at sun.reflect.NativeMethodAccessorImpl.invoke(NativeMethodAccessorImpl.java:62)
	at sun.reflect.DelegatingMethodAccessorImpl.invoke(DelegatingMethodAccessorImpl.java:43)
	at java.lang.reflect.Method.invoke(Method.java:498)
	at org.apache.maven.surefire.util.ReflectionUtils.invokeMethodWithArray(ReflectionUtils.java:189)
	at org.apache.maven.surefire.booter.ProviderFactory$ProviderProxy.invoke(ProviderFactory.java:165)
	at org.apache.maven.surefire.booter.ProviderFactory.invokeProvider(ProviderFactory.java:85)
	at org.apache.maven.surefire.booter.ForkedBooter.runSuitesInProcess(ForkedBooter.java:115)
	at org.apache.maven.surefire.booter.ForkedBooter.main(ForkedBooter.java:75)
</error>
    <system-out>11:39:20,099 DEBUG DefaultVFS:222 - Find JAR URL: file:/E:/develop/workSpaceSelf/exercise/target/classes/com/zl/mybatis/pojo
11:39:20,099 DEBUG DefaultVFS:248 - Not a JAR: file:/E:/develop/workSpaceSelf/exercise/target/classes/com/zl/mybatis/pojo
11:39:20,104 DEBUG DefaultVFS:102 - Reader entry: Items.class
11:39:20,105 DEBUG DefaultVFS:102 - Reader entry: Orderdetail.class
11:39:20,105 DEBUG DefaultVFS:102 - Reader entry: Orders.class
11:39:20,106 DEBUG DefaultVFS:102 - Reader entry: OrdersCustom.class
11:39:20,106 DEBUG DefaultVFS:102 - Reader entry: QueryVo.class
11:39:20,107 DEBUG DefaultVFS:102 - Reader entry: User.class
11:39:20,107 DEBUG DefaultVFS:102 - Reader entry: UserAnswerRecord.class
11:39:20,107 DEBUG DefaultVFS:102 - Reader entry: UserCustom.class
11:39:20,108 DEBUG DefaultVFS:113 - Listing file:/E:/develop/workSpaceSelf/exercise/target/classes/com/zl/mybatis/pojo
11:39:20,108 DEBUG DefaultVFS:222 - Find JAR URL: file:/E:/develop/workSpaceSelf/exercise/target/classes/com/zl/mybatis/pojo/Items.class
11:39:20,109 DEBUG DefaultVFS:248 - Not a JAR: file:/E:/develop/workSpaceSelf/exercise/target/classes/com/zl/mybatis/pojo/Items.class
11:39:20,109 DEBUG DefaultVFS:102 - Reader entry: 漱壕&amp;#0;&amp;#0;&amp;#0;4&amp;#0;k&amp;#7;&amp;#0;&amp;#2;&amp;#1;&amp;#0;&amp;#25;com/zl/mybatis/pojo/Items&amp;#7;&amp;#0;&amp;#4;&amp;#1;&amp;#0;&amp;#16;java/lang/Object&amp;#7;&amp;#0;&amp;#6;&amp;#1;&amp;#0;&amp;#20;java/io/Serializable&amp;#1;&amp;#0;&amp;#2;id&amp;#1;&amp;#0;&amp;#19;Ljava/lang/Integer;&amp;#1;&amp;#0;&amp;#4;name&amp;#1;&amp;#0;&amp;#18;Ljava/lang/String;&amp;#1;&amp;#0;&amp;#5;price&amp;#1;&amp;#0;&amp;#17;Ljava/lang/Float;&amp;#1;&amp;#0;&amp;#3;pic&amp;#1;&amp;#0;
11:39:20,110 DEBUG DefaultVFS:222 - Find JAR URL: file:/E:/develop/workSpaceSelf/exercise/target/classes/com/zl/mybatis/pojo/Orderdetail.class
11:39:20,110 DEBUG DefaultVFS:248 - Not a JAR: file:/E:/develop/workSpaceSelf/exercise/target/classes/com/zl/mybatis/pojo/Orderdetail.class
11:39:20,111 DEBUG DefaultVFS:102 - Reader entry: 漱壕&amp;#0;&amp;#0;&amp;#0;4&amp;#0;K&amp;#7;&amp;#0;&amp;#2;&amp;#1;&amp;#0;&amp;#31;com/zl/mybatis/pojo/Orderdetail&amp;#7;&amp;#0;&amp;#4;&amp;#1;&amp;#0;&amp;#16;java/lang/Object&amp;#7;&amp;#0;&amp;#6;&amp;#1;&amp;#0;&amp;#20;java/io/Serializable&amp;#1;&amp;#0;&amp;#2;id&amp;#1;&amp;#0;&amp;#19;Ljava/lang/Integer;&amp;#1;&amp;#0;&amp;#8;ordersId&amp;#1;&amp;#0;&amp;#7;itemsId&amp;#1;&amp;#0;&amp;#8;itemsNum&amp;#1;&amp;#0;&amp;#5;items&amp;#1;&amp;#0;&amp;#27;Lcom/zl/mybatis/pojo/Items;&amp;#1;&amp;#0;&amp;#6;&lt;init&gt;&amp;#1;&amp;#0;&amp;#3;()V&amp;#1;&amp;#0;&amp;#4;Code
11:39:20,112 DEBUG DefaultVFS:222 - Find JAR URL: file:/E:/develop/workSpaceSelf/exercise/target/classes/com/zl/mybatis/pojo/Orders.class
11:39:20,113 DEBUG DefaultVFS:248 - Not a JAR: file:/E:/develop/workSpaceSelf/exercise/target/classes/com/zl/mybatis/pojo/Orders.class
11:39:20,113 DEBUG DefaultVFS:102 - Reader entry: 漱壕&amp;#0;&amp;#0;&amp;#0;4&amp;#0;m&amp;#7;&amp;#0;&amp;#2;&amp;#1;&amp;#0;&amp;#26;com/zl/mybatis/pojo/Orders&amp;#7;&amp;#0;&amp;#4;&amp;#1;&amp;#0;&amp;#16;java/lang/Object&amp;#7;&amp;#0;&amp;#6;&amp;#1;&amp;#0;&amp;#20;java/io/Serializable&amp;#1;&amp;#0;&amp;#2;id&amp;#1;&amp;#0;&amp;#19;Ljava/lang/Integer;&amp;#1;&amp;#0;&amp;#6;userId&amp;#1;&amp;#0;&amp;#6;number&amp;#1;&amp;#0;&amp;#18;Ljava/lang/String;&amp;#1;&amp;#0;
11:39:20,114 DEBUG DefaultVFS:222 - Find JAR URL: file:/E:/develop/workSpaceSelf/exercise/target/classes/com/zl/mybatis/pojo/OrdersCustom.class
11:39:20,115 DEBUG DefaultVFS:248 - Not a JAR: file:/E:/develop/workSpaceSelf/exercise/target/classes/com/zl/mybatis/pojo/OrdersCustom.class
11:39:20,116 DEBUG DefaultVFS:102 - Reader entry: 漱壕&amp;#0;&amp;#0;&amp;#0;4&amp;#0;&amp;#29;&amp;#7;&amp;#0;&amp;#2;&amp;#1;&amp;#0; com/zl/mybatis/pojo/OrdersCustom&amp;#7;&amp;#0;&amp;#4;&amp;#1;&amp;#0;&amp;#26;com/zl/mybatis/pojo/Orders&amp;#1;&amp;#0;&amp;#8;username&amp;#1;&amp;#0;&amp;#18;Ljava/lang/String;&amp;#1;&amp;#0;&amp;#7;address&amp;#1;&amp;#0;&amp;#6;&lt;init&gt;&amp;#1;&amp;#0;&amp;#3;()V&amp;#1;&amp;#0;&amp;#4;Code
11:39:20,116 DEBUG DefaultVFS:222 - Find JAR URL: file:/E:/develop/workSpaceSelf/exercise/target/classes/com/zl/mybatis/pojo/QueryVo.class
11:39:20,117 DEBUG DefaultVFS:248 - Not a JAR: file:/E:/develop/workSpaceSelf/exercise/target/classes/com/zl/mybatis/pojo/QueryVo.class
11:39:20,117 DEBUG DefaultVFS:102 - Reader entry: 漱壕&amp;#0;&amp;#0;&amp;#0;4&amp;#0; &amp;#7;&amp;#0;&amp;#2;&amp;#1;&amp;#0;&amp;#27;com/zl/mybatis/pojo/QueryVo&amp;#7;&amp;#0;&amp;#4;&amp;#1;&amp;#0;&amp;#16;java/lang/Object&amp;#1;&amp;#0;&amp;#4;user&amp;#1;&amp;#0;&amp;#26;Lcom/zl/mybatis/pojo/User;&amp;#1;&amp;#0;
11:39:20,118 DEBUG DefaultVFS:222 - Find JAR URL: file:/E:/develop/workSpaceSelf/exercise/target/classes/com/zl/mybatis/pojo/User.class
11:39:20,118 DEBUG DefaultVFS:248 - Not a JAR: file:/E:/develop/workSpaceSelf/exercise/target/classes/com/zl/mybatis/pojo/User.class
11:39:20,119 DEBUG DefaultVFS:102 - Reader entry: 漱壕&amp;#0;&amp;#0;&amp;#0;4&amp;#0;U&amp;#7;&amp;#0;&amp;#2;&amp;#1;&amp;#0;&amp;#24;com/zl/mybatis/pojo/User&amp;#7;&amp;#0;&amp;#4;&amp;#1;&amp;#0;&amp;#16;java/lang/Object&amp;#7;&amp;#0;&amp;#6;&amp;#1;&amp;#0;&amp;#20;java/io/Serializable&amp;#1;&amp;#0;&amp;#2;id&amp;#1;&amp;#0;&amp;#1;I&amp;#1;&amp;#0;&amp;#8;username&amp;#1;&amp;#0;&amp;#18;Ljava/lang/String;&amp;#1;&amp;#0;&amp;#3;sex&amp;#1;&amp;#0;&amp;#8;birthday&amp;#1;&amp;#0;&amp;#16;Ljava/util/Date;&amp;#1;&amp;#0;&amp;#7;address&amp;#1;&amp;#0;&amp;#6;orders&amp;#1;&amp;#0;&amp;#16;Ljava/util/List;&amp;#1;&amp;#0;	Signature&amp;#1;&amp;#0;.Ljava/util/List&lt;Lcom/zl/mybatis/pojo/Orders;&gt;;&amp;#1;&amp;#0;&amp;#6;&lt;init&gt;&amp;#1;&amp;#0;&amp;#3;()V&amp;#1;&amp;#0;&amp;#4;Code
11:39:20,120 DEBUG DefaultVFS:222 - Find JAR URL: file:/E:/develop/workSpaceSelf/exercise/target/classes/com/zl/mybatis/pojo/UserAnswerRecord.class
11:39:20,120 DEBUG DefaultVFS:248 - Not a JAR: file:/E:/develop/workSpaceSelf/exercise/target/classes/com/zl/mybatis/pojo/UserAnswerRecord.class
11:39:20,121 DEBUG DefaultVFS:102 - Reader entry: 漱壕&amp;#0;&amp;#0;&amp;#0;4&amp;#0;?&amp;#7;&amp;#0;&amp;#2;&amp;#1;&amp;#0;$com/zl/mybatis/pojo/UserAnswerRecord&amp;#7;&amp;#0;&amp;#4;&amp;#1;&amp;#0;&amp;#16;java/lang/Object&amp;#1;&amp;#0;&amp;#2;id&amp;#1;&amp;#0;&amp;#18;Ljava/lang/String;&amp;#1;&amp;#0;&amp;#7;eventid&amp;#1;&amp;#0;
11:39:20,121 DEBUG DefaultVFS:222 - Find JAR URL: file:/E:/develop/workSpaceSelf/exercise/target/classes/com/zl/mybatis/pojo/UserCustom.class
11:39:20,122 DEBUG DefaultVFS:248 - Not a JAR: file:/E:/develop/workSpaceSelf/exercise/target/classes/com/zl/mybatis/pojo/UserCustom.class
11:39:20,123 DEBUG DefaultVFS:102 - Reader entry: 漱壕&amp;#0;&amp;#0;&amp;#0;4&amp;#0;&amp;#19;&amp;#7;&amp;#0;&amp;#2;&amp;#1;&amp;#0;&amp;#30;com/zl/mybatis/pojo/UserCustom&amp;#7;&amp;#0;&amp;#4;&amp;#1;&amp;#0;&amp;#24;com/zl/mybatis/pojo/User&amp;#1;&amp;#0;&amp;#14;birthday_start&amp;#1;&amp;#0;&amp;#16;Ljava/util/Date;&amp;#1;&amp;#0;&amp;#12;birthday_end&amp;#1;&amp;#0;&amp;#6;&lt;init&gt;&amp;#1;&amp;#0;&amp;#3;()V&amp;#1;&amp;#0;&amp;#4;Code
11:39:20,123 DEBUG ResolverUtil:256 - Checking to see if class com.zl.mybatis.pojo.Items matches criteria [is assignable to Object]
11:39:20,124 DEBUG ResolverUtil:256 - Checking to see if class com.zl.mybatis.pojo.Orderdetail matches criteria [is assignable to Object]
11:39:20,124 DEBUG ResolverUtil:256 - Checking to see if class com.zl.mybatis.pojo.Orders matches criteria [is assignable to Object]
11:39:20,124 DEBUG ResolverUtil:256 - Checking to see if class com.zl.mybatis.pojo.OrdersCustom matches criteria [is assignable to Object]
11:39:20,124 DEBUG ResolverUtil:256 - Checking to see if class com.zl.mybatis.pojo.QueryVo matches criteria [is assignable to Object]
11:39:20,124 DEBUG ResolverUtil:256 - Checking to see if class com.zl.mybatis.pojo.User matches criteria [is assignable to Object]
11:39:20,124 DEBUG ResolverUtil:256 - Checking to see if class com.zl.mybatis.pojo.UserAnswerRecord matches criteria [is assignable to Object]
11:39:20,125 DEBUG ResolverUtil:256 - Checking to see if class com.zl.mybatis.pojo.UserCustom matches criteria [is assignable to Object]
11:39:20,127 DEBUG LogFactory:135 - Logging initialized using &apos;class org.apache.ibatis.logging.log4j.Log4jImpl&apos; adapter.
11:39:20,128 DEBUG PooledDataSource:316 - PooledDataSource forcefully closed/removed all connections.
11:39:20,128 DEBUG PooledDataSource:316 - PooledDataSource forcefully closed/removed all connections.
11:39:20,129 DEBUG PooledDataSource:316 - PooledDataSource forcefully closed/removed all connections.
11:39:20,129 DEBUG PooledDataSource:316 - PooledDataSource forcefully closed/removed all connections.
11:39:20,130 DEBUG DefaultVFS:222 - Find JAR URL: file:/E:/develop/workSpaceSelf/exercise/target/classes/com/zl/mybatis/dao
11:39:20,130 DEBUG DefaultVFS:248 - Not a JAR: file:/E:/develop/workSpaceSelf/exercise/target/classes/com/zl/mybatis/dao
11:39:20,131 DEBUG DefaultVFS:102 - Reader entry: OrderMapper.class
11:39:20,131 DEBUG DefaultVFS:102 - Reader entry: OrderMapper.xml
11:39:20,131 DEBUG DefaultVFS:102 - Reader entry: OrderResultTypeMapper.class
11:39:20,132 DEBUG DefaultVFS:102 - Reader entry: OrderResultTypeMapper.xml
11:39:20,132 DEBUG DefaultVFS:102 - Reader entry: PromotionMapper.class
11:39:20,132 DEBUG DefaultVFS:102 - Reader entry: PromotionMapper.xml
11:39:20,133 DEBUG DefaultVFS:102 - Reader entry: UserAnswerRecordMapper.class
11:39:20,133 DEBUG DefaultVFS:102 - Reader entry: UserAnswerRecordMapper.xml
11:39:20,134 DEBUG DefaultVFS:102 - Reader entry: UserMapper.class
11:39:20,134 DEBUG DefaultVFS:102 - Reader entry: UserMapper.xml
11:39:20,135 DEBUG DefaultVFS:113 - Listing file:/E:/develop/workSpaceSelf/exercise/target/classes/com/zl/mybatis/dao
11:39:20,135 DEBUG DefaultVFS:222 - Find JAR URL: file:/E:/develop/workSpaceSelf/exercise/target/classes/com/zl/mybatis/dao/OrderMapper.class
11:39:20,136 DEBUG DefaultVFS:248 - Not a JAR: file:/E:/develop/workSpaceSelf/exercise/target/classes/com/zl/mybatis/dao/OrderMapper.class
11:39:20,136 DEBUG DefaultVFS:102 - Reader entry: 漱壕&amp;#0;&amp;#0;&amp;#0;4&amp;#0;&amp;#17;&amp;#7;&amp;#0;&amp;#2;&amp;#1;&amp;#0;&amp;#30;com/zl/mybatis/dao/OrderMapper&amp;#7;&amp;#0;&amp;#4;&amp;#1;&amp;#0;&amp;#16;java/lang/Object&amp;#1;&amp;#0;&amp;#22;findOrderListResultMap&amp;#1;&amp;#0;&amp;#18;()Ljava/util/List;&amp;#1;&amp;#0;
11:39:20,137 DEBUG DefaultVFS:222 - Find JAR URL: file:/E:/develop/workSpaceSelf/exercise/target/classes/com/zl/mybatis/dao/OrderMapper.xml
11:39:20,137 DEBUG DefaultVFS:248 - Not a JAR: file:/E:/develop/workSpaceSelf/exercise/target/classes/com/zl/mybatis/dao/OrderMapper.xml
11:39:20,138 DEBUG DefaultVFS:102 - Reader entry: &lt;?xml version=&quot;1.0&quot; encoding=&quot;UTF-8&quot;?&gt;
11:39:20,138 DEBUG DefaultVFS:222 - Find JAR URL: file:/E:/develop/workSpaceSelf/exercise/target/classes/com/zl/mybatis/dao/OrderResultTypeMapper.class
11:39:20,139 DEBUG DefaultVFS:248 - Not a JAR: file:/E:/develop/workSpaceSelf/exercise/target/classes/com/zl/mybatis/dao/OrderResultTypeMapper.class
11:39:20,139 DEBUG DefaultVFS:102 - Reader entry: 漱壕&amp;#0;&amp;#0;&amp;#0;4&amp;#0;&amp;#14;&amp;#7;&amp;#0;&amp;#2;&amp;#1;&amp;#0;(com/zl/mybatis/dao/OrderResultTypeMapper&amp;#7;&amp;#0;&amp;#4;&amp;#1;&amp;#0;&amp;#16;java/lang/Object&amp;#1;&amp;#0;&amp;#23;findOrderListResultType&amp;#1;&amp;#0;&amp;#18;()Ljava/util/List;&amp;#1;&amp;#0;
11:39:20,140 DEBUG DefaultVFS:222 - Find JAR URL: file:/E:/develop/workSpaceSelf/exercise/target/classes/com/zl/mybatis/dao/OrderResultTypeMapper.xml
11:39:20,140 DEBUG DefaultVFS:248 - Not a JAR: file:/E:/develop/workSpaceSelf/exercise/target/classes/com/zl/mybatis/dao/OrderResultTypeMapper.xml
11:39:20,141 DEBUG DefaultVFS:102 - Reader entry: &lt;?xml version=&quot;1.0&quot; encoding=&quot;UTF-8&quot;?&gt;
11:39:20,141 DEBUG DefaultVFS:222 - Find JAR URL: file:/E:/develop/workSpaceSelf/exercise/target/classes/com/zl/mybatis/dao/PromotionMapper.class
11:39:20,142 DEBUG DefaultVFS:248 - Not a JAR: file:/E:/develop/workSpaceSelf/exercise/target/classes/com/zl/mybatis/dao/PromotionMapper.class
11:39:20,142 DEBUG DefaultVFS:102 - Reader entry: 漱壕&amp;#0;&amp;#0;&amp;#0;4&amp;#0;&amp;#19;&amp;#7;&amp;#0;&amp;#2;&amp;#1;&amp;#0;&quot;com/zl/mybatis/dao/PromotionMapper&amp;#7;&amp;#0;&amp;#4;&amp;#1;&amp;#0;&amp;#16;java/lang/Object&amp;#1;&amp;#0;
11:39:20,142 DEBUG DefaultVFS:222 - Find JAR URL: file:/E:/develop/workSpaceSelf/exercise/target/classes/com/zl/mybatis/dao/PromotionMapper.xml
11:39:20,143 DEBUG DefaultVFS:248 - Not a JAR: file:/E:/develop/workSpaceSelf/exercise/target/classes/com/zl/mybatis/dao/PromotionMapper.xml
11:39:20,143 DEBUG DefaultVFS:102 - Reader entry: &lt;?xml version=&quot;1.0&quot; encoding=&quot;UTF-8&quot;?&gt;
11:39:20,144 DEBUG DefaultVFS:222 - Find JAR URL: file:/E:/develop/workSpaceSelf/exercise/target/classes/com/zl/mybatis/dao/UserAnswerRecordMapper.class
11:39:20,144 DEBUG DefaultVFS:248 - Not a JAR: file:/E:/develop/workSpaceSelf/exercise/target/classes/com/zl/mybatis/dao/UserAnswerRecordMapper.class
11:39:20,145 DEBUG DefaultVFS:102 - Reader entry: 漱壕&amp;#0;&amp;#0;&amp;#0;4&amp;#0;&amp;#20;&amp;#7;&amp;#0;&amp;#2;&amp;#1;&amp;#0;)com/zl/mybatis/dao/UserAnswerRecordMapper&amp;#7;&amp;#0;&amp;#4;&amp;#1;&amp;#0;&amp;#16;java/lang/Object&amp;#1;&amp;#0;&amp;#23;getUserAnswerRecordList&amp;#1;&amp;#0;;(Lcom/zl/mybatis/entity/UserAnswerQueryVo;)Ljava/util/List;&amp;#1;&amp;#0;	Signature&amp;#1;&amp;#0;c(Lcom/zl/mybatis/entity/UserAnswerQueryVo;)Ljava/util/List&lt;Lcom/zl/mybatis/pojo/UserAnswerRecord;&gt;;&amp;#1;&amp;#0;&amp;#22;delAnswerEvertRuleById&amp;#1;&amp;#0;&amp;#21;(Ljava/lang/String;)I&amp;#1;&amp;#0;&amp;#25;selectAnswerEvertRuleById&amp;#1;&amp;#0;$(Ljava/lang/String;)Ljava/util/List;&amp;#1;&amp;#0;9(Ljava/lang/String;)Ljava/util/List&lt;Ljava/lang/Integer;&gt;;&amp;#1;&amp;#0;&amp;#23;delAnswerEventConfnById&amp;#1;&amp;#0;&amp;#24;getUserAnswerRecordList1&amp;#1;&amp;#0;&amp;#15;insertRdoEnitiy&amp;#1;&amp;#0;&apos;(Lcom/zl/mybatis/entity/RdoOrderInfo;)V&amp;#1;&amp;#0;
11:39:20,146 DEBUG DefaultVFS:222 - Find JAR URL: file:/E:/develop/workSpaceSelf/exercise/target/classes/com/zl/mybatis/dao/UserAnswerRecordMapper.xml
11:39:20,146 DEBUG DefaultVFS:248 - Not a JAR: file:/E:/develop/workSpaceSelf/exercise/target/classes/com/zl/mybatis/dao/UserAnswerRecordMapper.xml
11:39:20,147 DEBUG DefaultVFS:102 - Reader entry: &lt;?xml version=&quot;1.0&quot; encoding=&quot;UTF-8&quot;?&gt;
11:39:20,147 DEBUG DefaultVFS:222 - Find JAR URL: file:/E:/develop/workSpaceSelf/exercise/target/classes/com/zl/mybatis/dao/UserMapper.class
11:39:20,147 DEBUG DefaultVFS:248 - Not a JAR: file:/E:/develop/workSpaceSelf/exercise/target/classes/com/zl/mybatis/dao/UserMapper.class
11:39:20,148 DEBUG DefaultVFS:102 - Reader entry: 漱壕&amp;#0;&amp;#0;&amp;#0;4&amp;#0; &amp;#7;&amp;#0;&amp;#2;&amp;#1;&amp;#0;&amp;#29;com/zl/mybatis/dao/UserMapper&amp;#7;&amp;#0;&amp;#4;&amp;#1;&amp;#0;&amp;#16;java/lang/Object&amp;#1;&amp;#0;&amp;#11;getUserById&amp;#1;&amp;#0;&amp;#29;(I)Lcom/zl/mybatis/pojo/User;&amp;#1;&amp;#0;
11:39:20,149 DEBUG DefaultVFS:222 - Find JAR URL: file:/E:/develop/workSpaceSelf/exercise/target/classes/com/zl/mybatis/dao/UserMapper.xml
11:39:20,149 DEBUG DefaultVFS:248 - Not a JAR: file:/E:/develop/workSpaceSelf/exercise/target/classes/com/zl/mybatis/dao/UserMapper.xml
11:39:20,149 DEBUG DefaultVFS:102 - Reader entry: &lt;?xml version=&quot;1.0&quot; encoding=&quot;UTF-8&quot;?&gt;
11:39:20,150 DEBUG ResolverUtil:256 - Checking to see if class com.zl.mybatis.dao.OrderMapper matches criteria [is assignable to Object]
11:39:20,151 DEBUG ResolverUtil:256 - Checking to see if class com.zl.mybatis.dao.OrderResultTypeMapper matches criteria [is assignable to Object]
11:39:20,151 DEBUG ResolverUtil:256 - Checking to see if class com.zl.mybatis.dao.PromotionMapper matches criteria [is assignable to Object]
11:39:20,151 DEBUG ResolverUtil:256 - Checking to see if class com.zl.mybatis.dao.UserAnswerRecordMapper matches criteria [is assignable to Object]
11:39:20,152 DEBUG ResolverUtil:256 - Checking to see if class com.zl.mybatis.dao.UserMapper matches criteria [is assignable to Object]
</system-out>
  </testcase>
  <testcase classname="com.zl.test.sql.OrderDaoTest" name="test22" time="0.078">
    <error message="Could not initialize class org.mybatis.caches.ehcache.EhcacheCache" type="java.lang.NoClassDefFoundError">java.lang.NoClassDefFoundError: Could not initialize class org.mybatis.caches.ehcache.EhcacheCache
	at java.lang.Class.forName0(Native Method)
	at java.lang.Class.forName(Class.java:348)
	at org.apache.ibatis.io.ClassLoaderWrapper.classForName(ClassLoaderWrapper.java:186)
	at org.apache.ibatis.io.ClassLoaderWrapper.classForName(ClassLoaderWrapper.java:89)
	at org.apache.ibatis.io.Resources.classForName(Resources.java:261)
	at org.apache.ibatis.type.TypeAliasRegistry.resolveAlias(TypeAliasRegistry.java:116)
	at org.apache.ibatis.builder.xml.XMLMapperBuilder.cacheElement(XMLMapperBuilder.java:202)
	at org.apache.ibatis.builder.xml.XMLMapperBuilder.configurationElement(XMLMapperBuilder.java:114)
	at org.apache.ibatis.builder.xml.XMLMapperBuilder.parse(XMLMapperBuilder.java:92)
	at org.apache.ibatis.builder.annotation.MapperAnnotationBuilder.loadXmlResource(MapperAnnotationBuilder.java:173)
	at org.apache.ibatis.builder.annotation.MapperAnnotationBuilder.parse(MapperAnnotationBuilder.java:124)
	at org.apache.ibatis.binding.MapperRegistry.addMapper(MapperRegistry.java:72)
	at org.apache.ibatis.binding.MapperRegistry.addMappers(MapperRegistry.java:97)
	at org.apache.ibatis.binding.MapperRegistry.addMappers(MapperRegistry.java:105)
	at org.apache.ibatis.session.Configuration.addMappers(Configuration.java:724)
	at org.apache.ibatis.builder.xml.XMLConfigBuilder.mapperElement(XMLConfigBuilder.java:360)
	at org.apache.ibatis.builder.xml.XMLConfigBuilder.parseConfiguration(XMLConfigBuilder.java:118)
	at org.apache.ibatis.builder.xml.XMLConfigBuilder.parse(XMLConfigBuilder.java:98)
	at org.apache.ibatis.session.SqlSessionFactoryBuilder.build(SqlSessionFactoryBuilder.java:78)
	at org.apache.ibatis.session.SqlSessionFactoryBuilder.build(SqlSessionFactoryBuilder.java:64)
	at com.zl.utils.MyBatisUtils.getnewInstance(MyBatisUtils.java:28)
	at com.zl.test.sql.OrderDaoTest.before(OrderDaoTest.java:44)
	at sun.reflect.NativeMethodAccessorImpl.invoke0(Native Method)
	at sun.reflect.NativeMethodAccessorImpl.invoke(NativeMethodAccessorImpl.java:62)
	at sun.reflect.DelegatingMethodAccessorImpl.invoke(DelegatingMethodAccessorImpl.java:43)
	at java.lang.reflect.Method.invoke(Method.java:498)
	at org.junit.runners.model.FrameworkMethod$1.runReflectiveCall(FrameworkMethod.java:45)
	at org.junit.internal.runners.model.ReflectiveCallable.run(ReflectiveCallable.java:15)
	at org.junit.runners.model.FrameworkMethod.invokeExplosively(FrameworkMethod.java:42)
	at org.junit.internal.runners.statements.RunBefores.evaluate(RunBefores.java:27)
	at org.junit.runners.ParentRunner.runLeaf(ParentRunner.java:263)
	at org.junit.runners.BlockJUnit4ClassRunner.runChild(BlockJUnit4ClassRunner.java:68)
	at org.junit.runners.BlockJUnit4ClassRunner.runChild(BlockJUnit4ClassRunner.java:47)
	at org.junit.runners.ParentRunner$3.run(ParentRunner.java:231)
	at org.junit.runners.ParentRunner$1.schedule(ParentRunner.java:60)
	at org.junit.runners.ParentRunner.runChildren(ParentRunner.java:229)
	at org.junit.runners.ParentRunner.access$000(ParentRunner.java:50)
	at org.junit.runners.ParentRunner$2.evaluate(ParentRunner.java:222)
	at org.junit.runners.ParentRunner.run(ParentRunner.java:300)
	at org.apache.maven.surefire.junit4.JUnit4Provider.execute(JUnit4Provider.java:252)
	at org.apache.maven.surefire.junit4.JUnit4Provider.executeTestSet(JUnit4Provider.java:141)
	at org.apache.maven.surefire.junit4.JUnit4Provider.invoke(JUnit4Provider.java:112)
	at sun.reflect.NativeMethodAccessorImpl.invoke0(Native Method)
	at sun.reflect.NativeMethodAccessorImpl.invoke(NativeMethodAccessorImpl.java:62)
	at sun.reflect.DelegatingMethodAccessorImpl.invoke(DelegatingMethodAccessorImpl.java:43)
	at java.lang.reflect.Method.invoke(Method.java:498)
	at org.apache.maven.surefire.util.ReflectionUtils.invokeMethodWithArray(ReflectionUtils.java:189)
	at org.apache.maven.surefire.booter.ProviderFactory$ProviderProxy.invoke(ProviderFactory.java:165)
	at org.apache.maven.surefire.booter.ProviderFactory.invokeProvider(ProviderFactory.java:85)
	at org.apache.maven.surefire.booter.ForkedBooter.runSuitesInProcess(ForkedBooter.java:115)
	at org.apache.maven.surefire.booter.ForkedBooter.main(ForkedBooter.java:75)
</error>
    <system-out>11:39:20,191 DEBUG DefaultVFS:222 - Find JAR URL: file:/E:/develop/workSpaceSelf/exercise/target/classes/com/zl/mybatis/pojo
11:39:20,191 DEBUG DefaultVFS:248 - Not a JAR: file:/E:/develop/workSpaceSelf/exercise/target/classes/com/zl/mybatis/pojo
11:39:20,193 DEBUG DefaultVFS:102 - Reader entry: Items.class
11:39:20,193 DEBUG DefaultVFS:102 - Reader entry: Orderdetail.class
11:39:20,194 DEBUG DefaultVFS:102 - Reader entry: Orders.class
11:39:20,194 DEBUG DefaultVFS:102 - Reader entry: OrdersCustom.class
11:39:20,195 DEBUG DefaultVFS:102 - Reader entry: QueryVo.class
11:39:20,195 DEBUG DefaultVFS:102 - Reader entry: User.class
11:39:20,195 DEBUG DefaultVFS:102 - Reader entry: UserAnswerRecord.class
11:39:20,196 DEBUG DefaultVFS:102 - Reader entry: UserCustom.class
11:39:20,196 DEBUG DefaultVFS:113 - Listing file:/E:/develop/workSpaceSelf/exercise/target/classes/com/zl/mybatis/pojo
11:39:20,197 DEBUG DefaultVFS:222 - Find JAR URL: file:/E:/develop/workSpaceSelf/exercise/target/classes/com/zl/mybatis/pojo/Items.class
11:39:20,197 DEBUG DefaultVFS:248 - Not a JAR: file:/E:/develop/workSpaceSelf/exercise/target/classes/com/zl/mybatis/pojo/Items.class
11:39:20,197 DEBUG DefaultVFS:102 - Reader entry: 漱壕&amp;#0;&amp;#0;&amp;#0;4&amp;#0;k&amp;#7;&amp;#0;&amp;#2;&amp;#1;&amp;#0;&amp;#25;com/zl/mybatis/pojo/Items&amp;#7;&amp;#0;&amp;#4;&amp;#1;&amp;#0;&amp;#16;java/lang/Object&amp;#7;&amp;#0;&amp;#6;&amp;#1;&amp;#0;&amp;#20;java/io/Serializable&amp;#1;&amp;#0;&amp;#2;id&amp;#1;&amp;#0;&amp;#19;Ljava/lang/Integer;&amp;#1;&amp;#0;&amp;#4;name&amp;#1;&amp;#0;&amp;#18;Ljava/lang/String;&amp;#1;&amp;#0;&amp;#5;price&amp;#1;&amp;#0;&amp;#17;Ljava/lang/Float;&amp;#1;&amp;#0;&amp;#3;pic&amp;#1;&amp;#0;
11:39:20,198 DEBUG DefaultVFS:222 - Find JAR URL: file:/E:/develop/workSpaceSelf/exercise/target/classes/com/zl/mybatis/pojo/Orderdetail.class
11:39:20,198 DEBUG DefaultVFS:248 - Not a JAR: file:/E:/develop/workSpaceSelf/exercise/target/classes/com/zl/mybatis/pojo/Orderdetail.class
11:39:20,199 DEBUG DefaultVFS:102 - Reader entry: 漱壕&amp;#0;&amp;#0;&amp;#0;4&amp;#0;K&amp;#7;&amp;#0;&amp;#2;&amp;#1;&amp;#0;&amp;#31;com/zl/mybatis/pojo/Orderdetail&amp;#7;&amp;#0;&amp;#4;&amp;#1;&amp;#0;&amp;#16;java/lang/Object&amp;#7;&amp;#0;&amp;#6;&amp;#1;&amp;#0;&amp;#20;java/io/Serializable&amp;#1;&amp;#0;&amp;#2;id&amp;#1;&amp;#0;&amp;#19;Ljava/lang/Integer;&amp;#1;&amp;#0;&amp;#8;ordersId&amp;#1;&amp;#0;&amp;#7;itemsId&amp;#1;&amp;#0;&amp;#8;itemsNum&amp;#1;&amp;#0;&amp;#5;items&amp;#1;&amp;#0;&amp;#27;Lcom/zl/mybatis/pojo/Items;&amp;#1;&amp;#0;&amp;#6;&lt;init&gt;&amp;#1;&amp;#0;&amp;#3;()V&amp;#1;&amp;#0;&amp;#4;Code
11:39:20,199 DEBUG DefaultVFS:222 - Find JAR URL: file:/E:/develop/workSpaceSelf/exercise/target/classes/com/zl/mybatis/pojo/Orders.class
11:39:20,200 DEBUG DefaultVFS:248 - Not a JAR: file:/E:/develop/workSpaceSelf/exercise/target/classes/com/zl/mybatis/pojo/Orders.class
11:39:20,201 DEBUG DefaultVFS:102 - Reader entry: 漱壕&amp;#0;&amp;#0;&amp;#0;4&amp;#0;m&amp;#7;&amp;#0;&amp;#2;&amp;#1;&amp;#0;&amp;#26;com/zl/mybatis/pojo/Orders&amp;#7;&amp;#0;&amp;#4;&amp;#1;&amp;#0;&amp;#16;java/lang/Object&amp;#7;&amp;#0;&amp;#6;&amp;#1;&amp;#0;&amp;#20;java/io/Serializable&amp;#1;&amp;#0;&amp;#2;id&amp;#1;&amp;#0;&amp;#19;Ljava/lang/Integer;&amp;#1;&amp;#0;&amp;#6;userId&amp;#1;&amp;#0;&amp;#6;number&amp;#1;&amp;#0;&amp;#18;Ljava/lang/String;&amp;#1;&amp;#0;
11:39:20,201 DEBUG DefaultVFS:222 - Find JAR URL: file:/E:/develop/workSpaceSelf/exercise/target/classes/com/zl/mybatis/pojo/OrdersCustom.class
11:39:20,202 DEBUG DefaultVFS:248 - Not a JAR: file:/E:/develop/workSpaceSelf/exercise/target/classes/com/zl/mybatis/pojo/OrdersCustom.class
11:39:20,202 DEBUG DefaultVFS:102 - Reader entry: 漱壕&amp;#0;&amp;#0;&amp;#0;4&amp;#0;&amp;#29;&amp;#7;&amp;#0;&amp;#2;&amp;#1;&amp;#0; com/zl/mybatis/pojo/OrdersCustom&amp;#7;&amp;#0;&amp;#4;&amp;#1;&amp;#0;&amp;#26;com/zl/mybatis/pojo/Orders&amp;#1;&amp;#0;&amp;#8;username&amp;#1;&amp;#0;&amp;#18;Ljava/lang/String;&amp;#1;&amp;#0;&amp;#7;address&amp;#1;&amp;#0;&amp;#6;&lt;init&gt;&amp;#1;&amp;#0;&amp;#3;()V&amp;#1;&amp;#0;&amp;#4;Code
11:39:20,203 DEBUG DefaultVFS:222 - Find JAR URL: file:/E:/develop/workSpaceSelf/exercise/target/classes/com/zl/mybatis/pojo/QueryVo.class
11:39:20,203 DEBUG DefaultVFS:248 - Not a JAR: file:/E:/develop/workSpaceSelf/exercise/target/classes/com/zl/mybatis/pojo/QueryVo.class
11:39:20,204 DEBUG DefaultVFS:102 - Reader entry: 漱壕&amp;#0;&amp;#0;&amp;#0;4&amp;#0; &amp;#7;&amp;#0;&amp;#2;&amp;#1;&amp;#0;&amp;#27;com/zl/mybatis/pojo/QueryVo&amp;#7;&amp;#0;&amp;#4;&amp;#1;&amp;#0;&amp;#16;java/lang/Object&amp;#1;&amp;#0;&amp;#4;user&amp;#1;&amp;#0;&amp;#26;Lcom/zl/mybatis/pojo/User;&amp;#1;&amp;#0;
11:39:20,204 DEBUG DefaultVFS:222 - Find JAR URL: file:/E:/develop/workSpaceSelf/exercise/target/classes/com/zl/mybatis/pojo/User.class
11:39:20,205 DEBUG DefaultVFS:248 - Not a JAR: file:/E:/develop/workSpaceSelf/exercise/target/classes/com/zl/mybatis/pojo/User.class
11:39:20,205 DEBUG DefaultVFS:102 - Reader entry: 漱壕&amp;#0;&amp;#0;&amp;#0;4&amp;#0;U&amp;#7;&amp;#0;&amp;#2;&amp;#1;&amp;#0;&amp;#24;com/zl/mybatis/pojo/User&amp;#7;&amp;#0;&amp;#4;&amp;#1;&amp;#0;&amp;#16;java/lang/Object&amp;#7;&amp;#0;&amp;#6;&amp;#1;&amp;#0;&amp;#20;java/io/Serializable&amp;#1;&amp;#0;&amp;#2;id&amp;#1;&amp;#0;&amp;#1;I&amp;#1;&amp;#0;&amp;#8;username&amp;#1;&amp;#0;&amp;#18;Ljava/lang/String;&amp;#1;&amp;#0;&amp;#3;sex&amp;#1;&amp;#0;&amp;#8;birthday&amp;#1;&amp;#0;&amp;#16;Ljava/util/Date;&amp;#1;&amp;#0;&amp;#7;address&amp;#1;&amp;#0;&amp;#6;orders&amp;#1;&amp;#0;&amp;#16;Ljava/util/List;&amp;#1;&amp;#0;	Signature&amp;#1;&amp;#0;.Ljava/util/List&lt;Lcom/zl/mybatis/pojo/Orders;&gt;;&amp;#1;&amp;#0;&amp;#6;&lt;init&gt;&amp;#1;&amp;#0;&amp;#3;()V&amp;#1;&amp;#0;&amp;#4;Code
11:39:20,206 DEBUG DefaultVFS:222 - Find JAR URL: file:/E:/develop/workSpaceSelf/exercise/target/classes/com/zl/mybatis/pojo/UserAnswerRecord.class
11:39:20,206 DEBUG DefaultVFS:248 - Not a JAR: file:/E:/develop/workSpaceSelf/exercise/target/classes/com/zl/mybatis/pojo/UserAnswerRecord.class
11:39:20,207 DEBUG DefaultVFS:102 - Reader entry: 漱壕&amp;#0;&amp;#0;&amp;#0;4&amp;#0;?&amp;#7;&amp;#0;&amp;#2;&amp;#1;&amp;#0;$com/zl/mybatis/pojo/UserAnswerRecord&amp;#7;&amp;#0;&amp;#4;&amp;#1;&amp;#0;&amp;#16;java/lang/Object&amp;#1;&amp;#0;&amp;#2;id&amp;#1;&amp;#0;&amp;#18;Ljava/lang/String;&amp;#1;&amp;#0;&amp;#7;eventid&amp;#1;&amp;#0;
11:39:20,208 DEBUG DefaultVFS:222 - Find JAR URL: file:/E:/develop/workSpaceSelf/exercise/target/classes/com/zl/mybatis/pojo/UserCustom.class
11:39:20,208 DEBUG DefaultVFS:248 - Not a JAR: file:/E:/develop/workSpaceSelf/exercise/target/classes/com/zl/mybatis/pojo/UserCustom.class
11:39:20,209 DEBUG DefaultVFS:102 - Reader entry: 漱壕&amp;#0;&amp;#0;&amp;#0;4&amp;#0;&amp;#19;&amp;#7;&amp;#0;&amp;#2;&amp;#1;&amp;#0;&amp;#30;com/zl/mybatis/pojo/UserCustom&amp;#7;&amp;#0;&amp;#4;&amp;#1;&amp;#0;&amp;#24;com/zl/mybatis/pojo/User&amp;#1;&amp;#0;&amp;#14;birthday_start&amp;#1;&amp;#0;&amp;#16;Ljava/util/Date;&amp;#1;&amp;#0;&amp;#12;birthday_end&amp;#1;&amp;#0;&amp;#6;&lt;init&gt;&amp;#1;&amp;#0;&amp;#3;()V&amp;#1;&amp;#0;&amp;#4;Code
11:39:20,209 DEBUG ResolverUtil:256 - Checking to see if class com.zl.mybatis.pojo.Items matches criteria [is assignable to Object]
11:39:20,209 DEBUG ResolverUtil:256 - Checking to see if class com.zl.mybatis.pojo.Orderdetail matches criteria [is assignable to Object]
11:39:20,210 DEBUG ResolverUtil:256 - Checking to see if class com.zl.mybatis.pojo.Orders matches criteria [is assignable to Object]
11:39:20,210 DEBUG ResolverUtil:256 - Checking to see if class com.zl.mybatis.pojo.OrdersCustom matches criteria [is assignable to Object]
11:39:20,210 DEBUG ResolverUtil:256 - Checking to see if class com.zl.mybatis.pojo.QueryVo matches criteria [is assignable to Object]
11:39:20,210 DEBUG ResolverUtil:256 - Checking to see if class com.zl.mybatis.pojo.User matches criteria [is assignable to Object]
11:39:20,210 DEBUG ResolverUtil:256 - Checking to see if class com.zl.mybatis.pojo.UserAnswerRecord matches criteria [is assignable to Object]
11:39:20,211 DEBUG ResolverUtil:256 - Checking to see if class com.zl.mybatis.pojo.UserCustom matches criteria [is assignable to Object]
11:39:20,212 DEBUG LogFactory:135 - Logging initialized using &apos;class org.apache.ibatis.logging.log4j.Log4jImpl&apos; adapter.
11:39:20,214 DEBUG PooledDataSource:316 - PooledDataSource forcefully closed/removed all connections.
11:39:20,214 DEBUG PooledDataSource:316 - PooledDataSource forcefully closed/removed all connections.
11:39:20,215 DEBUG PooledDataSource:316 - PooledDataSource forcefully closed/removed all connections.
11:39:20,215 DEBUG PooledDataSource:316 - PooledDataSource forcefully closed/removed all connections.
11:39:20,216 DEBUG DefaultVFS:222 - Find JAR URL: file:/E:/develop/workSpaceSelf/exercise/target/classes/com/zl/mybatis/dao
11:39:20,216 DEBUG DefaultVFS:248 - Not a JAR: file:/E:/develop/workSpaceSelf/exercise/target/classes/com/zl/mybatis/dao
11:39:20,218 DEBUG DefaultVFS:102 - Reader entry: OrderMapper.class
11:39:20,218 DEBUG DefaultVFS:102 - Reader entry: OrderMapper.xml
11:39:20,218 DEBUG DefaultVFS:102 - Reader entry: OrderResultTypeMapper.class
11:39:20,219 DEBUG DefaultVFS:102 - Reader entry: OrderResultTypeMapper.xml
11:39:20,219 DEBUG DefaultVFS:102 - Reader entry: PromotionMapper.class
11:39:20,220 DEBUG DefaultVFS:102 - Reader entry: PromotionMapper.xml
11:39:20,220 DEBUG DefaultVFS:102 - Reader entry: UserAnswerRecordMapper.class
11:39:20,220 DEBUG DefaultVFS:102 - Reader entry: UserAnswerRecordMapper.xml
11:39:20,221 DEBUG DefaultVFS:102 - Reader entry: UserMapper.class
11:39:20,221 DEBUG DefaultVFS:102 - Reader entry: UserMapper.xml
11:39:20,222 DEBUG DefaultVFS:113 - Listing file:/E:/develop/workSpaceSelf/exercise/target/classes/com/zl/mybatis/dao
11:39:20,222 DEBUG DefaultVFS:222 - Find JAR URL: file:/E:/develop/workSpaceSelf/exercise/target/classes/com/zl/mybatis/dao/OrderMapper.class
11:39:20,223 DEBUG DefaultVFS:248 - Not a JAR: file:/E:/develop/workSpaceSelf/exercise/target/classes/com/zl/mybatis/dao/OrderMapper.class
11:39:20,223 DEBUG DefaultVFS:102 - Reader entry: 漱壕&amp;#0;&amp;#0;&amp;#0;4&amp;#0;&amp;#17;&amp;#7;&amp;#0;&amp;#2;&amp;#1;&amp;#0;&amp;#30;com/zl/mybatis/dao/OrderMapper&amp;#7;&amp;#0;&amp;#4;&amp;#1;&amp;#0;&amp;#16;java/lang/Object&amp;#1;&amp;#0;&amp;#22;findOrderListResultMap&amp;#1;&amp;#0;&amp;#18;()Ljava/util/List;&amp;#1;&amp;#0;
11:39:20,224 DEBUG DefaultVFS:222 - Find JAR URL: file:/E:/develop/workSpaceSelf/exercise/target/classes/com/zl/mybatis/dao/OrderMapper.xml
11:39:20,224 DEBUG DefaultVFS:248 - Not a JAR: file:/E:/develop/workSpaceSelf/exercise/target/classes/com/zl/mybatis/dao/OrderMapper.xml
11:39:20,225 DEBUG DefaultVFS:102 - Reader entry: &lt;?xml version=&quot;1.0&quot; encoding=&quot;UTF-8&quot;?&gt;
11:39:20,225 DEBUG DefaultVFS:222 - Find JAR URL: file:/E:/develop/workSpaceSelf/exercise/target/classes/com/zl/mybatis/dao/OrderResultTypeMapper.class
11:39:20,225 DEBUG DefaultVFS:248 - Not a JAR: file:/E:/develop/workSpaceSelf/exercise/target/classes/com/zl/mybatis/dao/OrderResultTypeMapper.class
11:39:20,226 DEBUG DefaultVFS:102 - Reader entry: 漱壕&amp;#0;&amp;#0;&amp;#0;4&amp;#0;&amp;#14;&amp;#7;&amp;#0;&amp;#2;&amp;#1;&amp;#0;(com/zl/mybatis/dao/OrderResultTypeMapper&amp;#7;&amp;#0;&amp;#4;&amp;#1;&amp;#0;&amp;#16;java/lang/Object&amp;#1;&amp;#0;&amp;#23;findOrderListResultType&amp;#1;&amp;#0;&amp;#18;()Ljava/util/List;&amp;#1;&amp;#0;
11:39:20,226 DEBUG DefaultVFS:222 - Find JAR URL: file:/E:/develop/workSpaceSelf/exercise/target/classes/com/zl/mybatis/dao/OrderResultTypeMapper.xml
11:39:20,227 DEBUG DefaultVFS:248 - Not a JAR: file:/E:/develop/workSpaceSelf/exercise/target/classes/com/zl/mybatis/dao/OrderResultTypeMapper.xml
11:39:20,227 DEBUG DefaultVFS:102 - Reader entry: &lt;?xml version=&quot;1.0&quot; encoding=&quot;UTF-8&quot;?&gt;
11:39:20,228 DEBUG DefaultVFS:222 - Find JAR URL: file:/E:/develop/workSpaceSelf/exercise/target/classes/com/zl/mybatis/dao/PromotionMapper.class
11:39:20,228 DEBUG DefaultVFS:248 - Not a JAR: file:/E:/develop/workSpaceSelf/exercise/target/classes/com/zl/mybatis/dao/PromotionMapper.class
11:39:20,228 DEBUG DefaultVFS:102 - Reader entry: 漱壕&amp;#0;&amp;#0;&amp;#0;4&amp;#0;&amp;#19;&amp;#7;&amp;#0;&amp;#2;&amp;#1;&amp;#0;&quot;com/zl/mybatis/dao/PromotionMapper&amp;#7;&amp;#0;&amp;#4;&amp;#1;&amp;#0;&amp;#16;java/lang/Object&amp;#1;&amp;#0;
11:39:20,229 DEBUG DefaultVFS:222 - Find JAR URL: file:/E:/develop/workSpaceSelf/exercise/target/classes/com/zl/mybatis/dao/PromotionMapper.xml
11:39:20,229 DEBUG DefaultVFS:248 - Not a JAR: file:/E:/develop/workSpaceSelf/exercise/target/classes/com/zl/mybatis/dao/PromotionMapper.xml
11:39:20,229 DEBUG DefaultVFS:102 - Reader entry: &lt;?xml version=&quot;1.0&quot; encoding=&quot;UTF-8&quot;?&gt;
11:39:20,229 DEBUG DefaultVFS:222 - Find JAR URL: file:/E:/develop/workSpaceSelf/exercise/target/classes/com/zl/mybatis/dao/UserAnswerRecordMapper.class
11:39:20,230 DEBUG DefaultVFS:248 - Not a JAR: file:/E:/develop/workSpaceSelf/exercise/target/classes/com/zl/mybatis/dao/UserAnswerRecordMapper.class
11:39:20,230 DEBUG DefaultVFS:102 - Reader entry: 漱壕&amp;#0;&amp;#0;&amp;#0;4&amp;#0;&amp;#20;&amp;#7;&amp;#0;&amp;#2;&amp;#1;&amp;#0;)com/zl/mybatis/dao/UserAnswerRecordMapper&amp;#7;&amp;#0;&amp;#4;&amp;#1;&amp;#0;&amp;#16;java/lang/Object&amp;#1;&amp;#0;&amp;#23;getUserAnswerRecordList&amp;#1;&amp;#0;;(Lcom/zl/mybatis/entity/UserAnswerQueryVo;)Ljava/util/List;&amp;#1;&amp;#0;	Signature&amp;#1;&amp;#0;c(Lcom/zl/mybatis/entity/UserAnswerQueryVo;)Ljava/util/List&lt;Lcom/zl/mybatis/pojo/UserAnswerRecord;&gt;;&amp;#1;&amp;#0;&amp;#22;delAnswerEvertRuleById&amp;#1;&amp;#0;&amp;#21;(Ljava/lang/String;)I&amp;#1;&amp;#0;&amp;#25;selectAnswerEvertRuleById&amp;#1;&amp;#0;$(Ljava/lang/String;)Ljava/util/List;&amp;#1;&amp;#0;9(Ljava/lang/String;)Ljava/util/List&lt;Ljava/lang/Integer;&gt;;&amp;#1;&amp;#0;&amp;#23;delAnswerEventConfnById&amp;#1;&amp;#0;&amp;#24;getUserAnswerRecordList1&amp;#1;&amp;#0;&amp;#15;insertRdoEnitiy&amp;#1;&amp;#0;&apos;(Lcom/zl/mybatis/entity/RdoOrderInfo;)V&amp;#1;&amp;#0;
11:39:20,231 DEBUG DefaultVFS:222 - Find JAR URL: file:/E:/develop/workSpaceSelf/exercise/target/classes/com/zl/mybatis/dao/UserAnswerRecordMapper.xml
11:39:20,231 DEBUG DefaultVFS:248 - Not a JAR: file:/E:/develop/workSpaceSelf/exercise/target/classes/com/zl/mybatis/dao/UserAnswerRecordMapper.xml
11:39:20,231 DEBUG DefaultVFS:102 - Reader entry: &lt;?xml version=&quot;1.0&quot; encoding=&quot;UTF-8&quot;?&gt;
11:39:20,232 DEBUG DefaultVFS:222 - Find JAR URL: file:/E:/develop/workSpaceSelf/exercise/target/classes/com/zl/mybatis/dao/UserMapper.class
11:39:20,232 DEBUG DefaultVFS:248 - Not a JAR: file:/E:/develop/workSpaceSelf/exercise/target/classes/com/zl/mybatis/dao/UserMapper.class
11:39:20,233 DEBUG DefaultVFS:102 - Reader entry: 漱壕&amp;#0;&amp;#0;&amp;#0;4&amp;#0; &amp;#7;&amp;#0;&amp;#2;&amp;#1;&amp;#0;&amp;#29;com/zl/mybatis/dao/UserMapper&amp;#7;&amp;#0;&amp;#4;&amp;#1;&amp;#0;&amp;#16;java/lang/Object&amp;#1;&amp;#0;&amp;#11;getUserById&amp;#1;&amp;#0;&amp;#29;(I)Lcom/zl/mybatis/pojo/User;&amp;#1;&amp;#0;
11:39:20,234 DEBUG DefaultVFS:222 - Find JAR URL: file:/E:/develop/workSpaceSelf/exercise/target/classes/com/zl/mybatis/dao/UserMapper.xml
11:39:20,234 DEBUG DefaultVFS:248 - Not a JAR: file:/E:/develop/workSpaceSelf/exercise/target/classes/com/zl/mybatis/dao/UserMapper.xml
11:39:20,235 DEBUG DefaultVFS:102 - Reader entry: &lt;?xml version=&quot;1.0&quot; encoding=&quot;UTF-8&quot;?&gt;
11:39:20,235 DEBUG ResolverUtil:256 - Checking to see if class com.zl.mybatis.dao.OrderMapper matches criteria [is assignable to Object]
11:39:20,235 DEBUG ResolverUtil:256 - Checking to see if class com.zl.mybatis.dao.OrderResultTypeMapper matches criteria [is assignable to Object]
11:39:20,236 DEBUG ResolverUtil:256 - Checking to see if class com.zl.mybatis.dao.PromotionMapper matches criteria [is assignable to Object]
11:39:20,236 DEBUG ResolverUtil:256 - Checking to see if class com.zl.mybatis.dao.UserAnswerRecordMapper matches criteria [is assignable to Object]
11:39:20,236 DEBUG ResolverUtil:256 - Checking to see if class com.zl.mybatis.dao.UserMapper matches criteria [is assignable to Object]
</system-out>
  </testcase>
  <testcase classname="com.zl.test.sql.OrderDaoTest" name="test33" time="0.081">
    <error message="Could not initialize class org.mybatis.caches.ehcache.EhcacheCache" type="java.lang.NoClassDefFoundError">java.lang.NoClassDefFoundError: Could not initialize class org.mybatis.caches.ehcache.EhcacheCache
	at java.lang.Class.forName0(Native Method)
	at java.lang.Class.forName(Class.java:348)
	at org.apache.ibatis.io.ClassLoaderWrapper.classForName(ClassLoaderWrapper.java:186)
	at org.apache.ibatis.io.ClassLoaderWrapper.classForName(ClassLoaderWrapper.java:89)
	at org.apache.ibatis.io.Resources.classForName(Resources.java:261)
	at org.apache.ibatis.type.TypeAliasRegistry.resolveAlias(TypeAliasRegistry.java:116)
	at org.apache.ibatis.builder.xml.XMLMapperBuilder.cacheElement(XMLMapperBuilder.java:202)
	at org.apache.ibatis.builder.xml.XMLMapperBuilder.configurationElement(XMLMapperBuilder.java:114)
	at org.apache.ibatis.builder.xml.XMLMapperBuilder.parse(XMLMapperBuilder.java:92)
	at org.apache.ibatis.builder.annotation.MapperAnnotationBuilder.loadXmlResource(MapperAnnotationBuilder.java:173)
	at org.apache.ibatis.builder.annotation.MapperAnnotationBuilder.parse(MapperAnnotationBuilder.java:124)
	at org.apache.ibatis.binding.MapperRegistry.addMapper(MapperRegistry.java:72)
	at org.apache.ibatis.binding.MapperRegistry.addMappers(MapperRegistry.java:97)
	at org.apache.ibatis.binding.MapperRegistry.addMappers(MapperRegistry.java:105)
	at org.apache.ibatis.session.Configuration.addMappers(Configuration.java:724)
	at org.apache.ibatis.builder.xml.XMLConfigBuilder.mapperElement(XMLConfigBuilder.java:360)
	at org.apache.ibatis.builder.xml.XMLConfigBuilder.parseConfiguration(XMLConfigBuilder.java:118)
	at org.apache.ibatis.builder.xml.XMLConfigBuilder.parse(XMLConfigBuilder.java:98)
	at org.apache.ibatis.session.SqlSessionFactoryBuilder.build(SqlSessionFactoryBuilder.java:78)
	at org.apache.ibatis.session.SqlSessionFactoryBuilder.build(SqlSessionFactoryBuilder.java:64)
	at com.zl.utils.MyBatisUtils.getnewInstance(MyBatisUtils.java:28)
	at com.zl.test.sql.OrderDaoTest.before(OrderDaoTest.java:44)
	at sun.reflect.NativeMethodAccessorImpl.invoke0(Native Method)
	at sun.reflect.NativeMethodAccessorImpl.invoke(NativeMethodAccessorImpl.java:62)
	at sun.reflect.DelegatingMethodAccessorImpl.invoke(DelegatingMethodAccessorImpl.java:43)
	at java.lang.reflect.Method.invoke(Method.java:498)
	at org.junit.runners.model.FrameworkMethod$1.runReflectiveCall(FrameworkMethod.java:45)
	at org.junit.internal.runners.model.ReflectiveCallable.run(ReflectiveCallable.java:15)
	at org.junit.runners.model.FrameworkMethod.invokeExplosively(FrameworkMethod.java:42)
	at org.junit.internal.runners.statements.RunBefores.evaluate(RunBefores.java:27)
	at org.junit.runners.ParentRunner.runLeaf(ParentRunner.java:263)
	at org.junit.runners.BlockJUnit4ClassRunner.runChild(BlockJUnit4ClassRunner.java:68)
	at org.junit.runners.BlockJUnit4ClassRunner.runChild(BlockJUnit4ClassRunner.java:47)
	at org.junit.runners.ParentRunner$3.run(ParentRunner.java:231)
	at org.junit.runners.ParentRunner$1.schedule(ParentRunner.java:60)
	at org.junit.runners.ParentRunner.runChildren(ParentRunner.java:229)
	at org.junit.runners.ParentRunner.access$000(ParentRunner.java:50)
	at org.junit.runners.ParentRunner$2.evaluate(ParentRunner.java:222)
	at org.junit.runners.ParentRunner.run(ParentRunner.java:300)
	at org.apache.maven.surefire.junit4.JUnit4Provider.execute(JUnit4Provider.java:252)
	at org.apache.maven.surefire.junit4.JUnit4Provider.executeTestSet(JUnit4Provider.java:141)
	at org.apache.maven.surefire.junit4.JUnit4Provider.invoke(JUnit4Provider.java:112)
	at sun.reflect.NativeMethodAccessorImpl.invoke0(Native Method)
	at sun.reflect.NativeMethodAccessorImpl.invoke(NativeMethodAccessorImpl.java:62)
	at sun.reflect.DelegatingMethodAccessorImpl.invoke(DelegatingMethodAccessorImpl.java:43)
	at java.lang.reflect.Method.invoke(Method.java:498)
	at org.apache.maven.surefire.util.ReflectionUtils.invokeMethodWithArray(ReflectionUtils.java:189)
	at org.apache.maven.surefire.booter.ProviderFactory$ProviderProxy.invoke(ProviderFactory.java:165)
	at org.apache.maven.surefire.booter.ProviderFactory.invokeProvider(ProviderFactory.java:85)
	at org.apache.maven.surefire.booter.ForkedBooter.runSuitesInProcess(ForkedBooter.java:115)
	at org.apache.maven.surefire.booter.ForkedBooter.main(ForkedBooter.java:75)
</error>
    <system-out>11:39:20,269 DEBUG DefaultVFS:222 - Find JAR URL: file:/E:/develop/workSpaceSelf/exercise/target/classes/com/zl/mybatis/pojo
11:39:20,269 DEBUG DefaultVFS:248 - Not a JAR: file:/E:/develop/workSpaceSelf/exercise/target/classes/com/zl/mybatis/pojo
11:39:20,270 DEBUG DefaultVFS:102 - Reader entry: Items.class
11:39:20,270 DEBUG DefaultVFS:102 - Reader entry: Orderdetail.class
11:39:20,271 DEBUG DefaultVFS:102 - Reader entry: Orders.class
11:39:20,271 DEBUG DefaultVFS:102 - Reader entry: OrdersCustom.class
11:39:20,272 DEBUG DefaultVFS:102 - Reader entry: QueryVo.class
11:39:20,272 DEBUG DefaultVFS:102 - Reader entry: User.class
11:39:20,272 DEBUG DefaultVFS:102 - Reader entry: UserAnswerRecord.class
11:39:20,273 DEBUG DefaultVFS:102 - Reader entry: UserCustom.class
11:39:20,273 DEBUG DefaultVFS:113 - Listing file:/E:/develop/workSpaceSelf/exercise/target/classes/com/zl/mybatis/pojo
11:39:20,274 DEBUG DefaultVFS:222 - Find JAR URL: file:/E:/develop/workSpaceSelf/exercise/target/classes/com/zl/mybatis/pojo/Items.class
11:39:20,274 DEBUG DefaultVFS:248 - Not a JAR: file:/E:/develop/workSpaceSelf/exercise/target/classes/com/zl/mybatis/pojo/Items.class
11:39:20,274 DEBUG DefaultVFS:102 - Reader entry: 漱壕&amp;#0;&amp;#0;&amp;#0;4&amp;#0;k&amp;#7;&amp;#0;&amp;#2;&amp;#1;&amp;#0;&amp;#25;com/zl/mybatis/pojo/Items&amp;#7;&amp;#0;&amp;#4;&amp;#1;&amp;#0;&amp;#16;java/lang/Object&amp;#7;&amp;#0;&amp;#6;&amp;#1;&amp;#0;&amp;#20;java/io/Serializable&amp;#1;&amp;#0;&amp;#2;id&amp;#1;&amp;#0;&amp;#19;Ljava/lang/Integer;&amp;#1;&amp;#0;&amp;#4;name&amp;#1;&amp;#0;&amp;#18;Ljava/lang/String;&amp;#1;&amp;#0;&amp;#5;price&amp;#1;&amp;#0;&amp;#17;Ljava/lang/Float;&amp;#1;&amp;#0;&amp;#3;pic&amp;#1;&amp;#0;
11:39:20,275 DEBUG DefaultVFS:222 - Find JAR URL: file:/E:/develop/workSpaceSelf/exercise/target/classes/com/zl/mybatis/pojo/Orderdetail.class
11:39:20,275 DEBUG DefaultVFS:248 - Not a JAR: file:/E:/develop/workSpaceSelf/exercise/target/classes/com/zl/mybatis/pojo/Orderdetail.class
11:39:20,276 DEBUG DefaultVFS:102 - Reader entry: 漱壕&amp;#0;&amp;#0;&amp;#0;4&amp;#0;K&amp;#7;&amp;#0;&amp;#2;&amp;#1;&amp;#0;&amp;#31;com/zl/mybatis/pojo/Orderdetail&amp;#7;&amp;#0;&amp;#4;&amp;#1;&amp;#0;&amp;#16;java/lang/Object&amp;#7;&amp;#0;&amp;#6;&amp;#1;&amp;#0;&amp;#20;java/io/Serializable&amp;#1;&amp;#0;&amp;#2;id&amp;#1;&amp;#0;&amp;#19;Ljava/lang/Integer;&amp;#1;&amp;#0;&amp;#8;ordersId&amp;#1;&amp;#0;&amp;#7;itemsId&amp;#1;&amp;#0;&amp;#8;itemsNum&amp;#1;&amp;#0;&amp;#5;items&amp;#1;&amp;#0;&amp;#27;Lcom/zl/mybatis/pojo/Items;&amp;#1;&amp;#0;&amp;#6;&lt;init&gt;&amp;#1;&amp;#0;&amp;#3;()V&amp;#1;&amp;#0;&amp;#4;Code
11:39:20,277 DEBUG DefaultVFS:222 - Find JAR URL: file:/E:/develop/workSpaceSelf/exercise/target/classes/com/zl/mybatis/pojo/Orders.class
11:39:20,277 DEBUG DefaultVFS:248 - Not a JAR: file:/E:/develop/workSpaceSelf/exercise/target/classes/com/zl/mybatis/pojo/Orders.class
11:39:20,277 DEBUG DefaultVFS:102 - Reader entry: 漱壕&amp;#0;&amp;#0;&amp;#0;4&amp;#0;m&amp;#7;&amp;#0;&amp;#2;&amp;#1;&amp;#0;&amp;#26;com/zl/mybatis/pojo/Orders&amp;#7;&amp;#0;&amp;#4;&amp;#1;&amp;#0;&amp;#16;java/lang/Object&amp;#7;&amp;#0;&amp;#6;&amp;#1;&amp;#0;&amp;#20;java/io/Serializable&amp;#1;&amp;#0;&amp;#2;id&amp;#1;&amp;#0;&amp;#19;Ljava/lang/Integer;&amp;#1;&amp;#0;&amp;#6;userId&amp;#1;&amp;#0;&amp;#6;number&amp;#1;&amp;#0;&amp;#18;Ljava/lang/String;&amp;#1;&amp;#0;
11:39:20,278 DEBUG DefaultVFS:222 - Find JAR URL: file:/E:/develop/workSpaceSelf/exercise/target/classes/com/zl/mybatis/pojo/OrdersCustom.class
11:39:20,278 DEBUG DefaultVFS:248 - Not a JAR: file:/E:/develop/workSpaceSelf/exercise/target/classes/com/zl/mybatis/pojo/OrdersCustom.class
11:39:20,279 DEBUG DefaultVFS:102 - Reader entry: 漱壕&amp;#0;&amp;#0;&amp;#0;4&amp;#0;&amp;#29;&amp;#7;&amp;#0;&amp;#2;&amp;#1;&amp;#0; com/zl/mybatis/pojo/OrdersCustom&amp;#7;&amp;#0;&amp;#4;&amp;#1;&amp;#0;&amp;#26;com/zl/mybatis/pojo/Orders&amp;#1;&amp;#0;&amp;#8;username&amp;#1;&amp;#0;&amp;#18;Ljava/lang/String;&amp;#1;&amp;#0;&amp;#7;address&amp;#1;&amp;#0;&amp;#6;&lt;init&gt;&amp;#1;&amp;#0;&amp;#3;()V&amp;#1;&amp;#0;&amp;#4;Code
11:39:20,279 DEBUG DefaultVFS:222 - Find JAR URL: file:/E:/develop/workSpaceSelf/exercise/target/classes/com/zl/mybatis/pojo/QueryVo.class
11:39:20,280 DEBUG DefaultVFS:248 - Not a JAR: file:/E:/develop/workSpaceSelf/exercise/target/classes/com/zl/mybatis/pojo/QueryVo.class
11:39:20,280 DEBUG DefaultVFS:102 - Reader entry: 漱壕&amp;#0;&amp;#0;&amp;#0;4&amp;#0; &amp;#7;&amp;#0;&amp;#2;&amp;#1;&amp;#0;&amp;#27;com/zl/mybatis/pojo/QueryVo&amp;#7;&amp;#0;&amp;#4;&amp;#1;&amp;#0;&amp;#16;java/lang/Object&amp;#1;&amp;#0;&amp;#4;user&amp;#1;&amp;#0;&amp;#26;Lcom/zl/mybatis/pojo/User;&amp;#1;&amp;#0;
11:39:20,281 DEBUG DefaultVFS:222 - Find JAR URL: file:/E:/develop/workSpaceSelf/exercise/target/classes/com/zl/mybatis/pojo/User.class
11:39:20,281 DEBUG DefaultVFS:248 - Not a JAR: file:/E:/develop/workSpaceSelf/exercise/target/classes/com/zl/mybatis/pojo/User.class
11:39:20,281 DEBUG DefaultVFS:102 - Reader entry: 漱壕&amp;#0;&amp;#0;&amp;#0;4&amp;#0;U&amp;#7;&amp;#0;&amp;#2;&amp;#1;&amp;#0;&amp;#24;com/zl/mybatis/pojo/User&amp;#7;&amp;#0;&amp;#4;&amp;#1;&amp;#0;&amp;#16;java/lang/Object&amp;#7;&amp;#0;&amp;#6;&amp;#1;&amp;#0;&amp;#20;java/io/Serializable&amp;#1;&amp;#0;&amp;#2;id&amp;#1;&amp;#0;&amp;#1;I&amp;#1;&amp;#0;&amp;#8;username&amp;#1;&amp;#0;&amp;#18;Ljava/lang/String;&amp;#1;&amp;#0;&amp;#3;sex&amp;#1;&amp;#0;&amp;#8;birthday&amp;#1;&amp;#0;&amp;#16;Ljava/util/Date;&amp;#1;&amp;#0;&amp;#7;address&amp;#1;&amp;#0;&amp;#6;orders&amp;#1;&amp;#0;&amp;#16;Ljava/util/List;&amp;#1;&amp;#0;	Signature&amp;#1;&amp;#0;.Ljava/util/List&lt;Lcom/zl/mybatis/pojo/Orders;&gt;;&amp;#1;&amp;#0;&amp;#6;&lt;init&gt;&amp;#1;&amp;#0;&amp;#3;()V&amp;#1;&amp;#0;&amp;#4;Code
11:39:20,282 DEBUG DefaultVFS:222 - Find JAR URL: file:/E:/develop/workSpaceSelf/exercise/target/classes/com/zl/mybatis/pojo/UserAnswerRecord.class
11:39:20,282 DEBUG DefaultVFS:248 - Not a JAR: file:/E:/develop/workSpaceSelf/exercise/target/classes/com/zl/mybatis/pojo/UserAnswerRecord.class
11:39:20,282 DEBUG DefaultVFS:102 - Reader entry: 漱壕&amp;#0;&amp;#0;&amp;#0;4&amp;#0;?&amp;#7;&amp;#0;&amp;#2;&amp;#1;&amp;#0;$com/zl/mybatis/pojo/UserAnswerRecord&amp;#7;&amp;#0;&amp;#4;&amp;#1;&amp;#0;&amp;#16;java/lang/Object&amp;#1;&amp;#0;&amp;#2;id&amp;#1;&amp;#0;&amp;#18;Ljava/lang/String;&amp;#1;&amp;#0;&amp;#7;eventid&amp;#1;&amp;#0;
11:39:20,283 DEBUG DefaultVFS:222 - Find JAR URL: file:/E:/develop/workSpaceSelf/exercise/target/classes/com/zl/mybatis/pojo/UserCustom.class
11:39:20,283 DEBUG DefaultVFS:248 - Not a JAR: file:/E:/develop/workSpaceSelf/exercise/target/classes/com/zl/mybatis/pojo/UserCustom.class
11:39:20,284 DEBUG DefaultVFS:102 - Reader entry: 漱壕&amp;#0;&amp;#0;&amp;#0;4&amp;#0;&amp;#19;&amp;#7;&amp;#0;&amp;#2;&amp;#1;&amp;#0;&amp;#30;com/zl/mybatis/pojo/UserCustom&amp;#7;&amp;#0;&amp;#4;&amp;#1;&amp;#0;&amp;#24;com/zl/mybatis/pojo/User&amp;#1;&amp;#0;&amp;#14;birthday_start&amp;#1;&amp;#0;&amp;#16;Ljava/util/Date;&amp;#1;&amp;#0;&amp;#12;birthday_end&amp;#1;&amp;#0;&amp;#6;&lt;init&gt;&amp;#1;&amp;#0;&amp;#3;()V&amp;#1;&amp;#0;&amp;#4;Code
11:39:20,284 DEBUG ResolverUtil:256 - Checking to see if class com.zl.mybatis.pojo.Items matches criteria [is assignable to Object]
11:39:20,284 DEBUG ResolverUtil:256 - Checking to see if class com.zl.mybatis.pojo.Orderdetail matches criteria [is assignable to Object]
11:39:20,285 DEBUG ResolverUtil:256 - Checking to see if class com.zl.mybatis.pojo.Orders matches criteria [is assignable to Object]
11:39:20,285 DEBUG ResolverUtil:256 - Checking to see if class com.zl.mybatis.pojo.OrdersCustom matches criteria [is assignable to Object]
11:39:20,285 DEBUG ResolverUtil:256 - Checking to see if class com.zl.mybatis.pojo.QueryVo matches criteria [is assignable to Object]
11:39:20,285 DEBUG ResolverUtil:256 - Checking to see if class com.zl.mybatis.pojo.User matches criteria [is assignable to Object]
11:39:20,286 DEBUG ResolverUtil:256 - Checking to see if class com.zl.mybatis.pojo.UserAnswerRecord matches criteria [is assignable to Object]
11:39:20,286 DEBUG ResolverUtil:256 - Checking to see if class com.zl.mybatis.pojo.UserCustom matches criteria [is assignable to Object]
11:39:20,288 DEBUG LogFactory:135 - Logging initialized using &apos;class org.apache.ibatis.logging.log4j.Log4jImpl&apos; adapter.
11:39:20,289 DEBUG PooledDataSource:316 - PooledDataSource forcefully closed/removed all connections.
11:39:20,290 DEBUG PooledDataSource:316 - PooledDataSource forcefully closed/removed all connections.
11:39:20,290 DEBUG PooledDataSource:316 - PooledDataSource forcefully closed/removed all connections.
11:39:20,290 DEBUG PooledDataSource:316 - PooledDataSource forcefully closed/removed all connections.
11:39:20,291 DEBUG DefaultVFS:222 - Find JAR URL: file:/E:/develop/workSpaceSelf/exercise/target/classes/com/zl/mybatis/dao
11:39:20,292 DEBUG DefaultVFS:248 - Not a JAR: file:/E:/develop/workSpaceSelf/exercise/target/classes/com/zl/mybatis/dao
11:39:20,293 DEBUG DefaultVFS:102 - Reader entry: OrderMapper.class
11:39:20,293 DEBUG DefaultVFS:102 - Reader entry: OrderMapper.xml
11:39:20,293 DEBUG DefaultVFS:102 - Reader entry: OrderResultTypeMapper.class
11:39:20,294 DEBUG DefaultVFS:102 - Reader entry: OrderResultTypeMapper.xml
11:39:20,294 DEBUG DefaultVFS:102 - Reader entry: PromotionMapper.class
11:39:20,294 DEBUG DefaultVFS:102 - Reader entry: PromotionMapper.xml
11:39:20,295 DEBUG DefaultVFS:102 - Reader entry: UserAnswerRecordMapper.class
11:39:20,295 DEBUG DefaultVFS:102 - Reader entry: UserAnswerRecordMapper.xml
11:39:20,295 DEBUG DefaultVFS:102 - Reader entry: UserMapper.class
11:39:20,295 DEBUG DefaultVFS:102 - Reader entry: UserMapper.xml
11:39:20,296 DEBUG DefaultVFS:113 - Listing file:/E:/develop/workSpaceSelf/exercise/target/classes/com/zl/mybatis/dao
11:39:20,296 DEBUG DefaultVFS:222 - Find JAR URL: file:/E:/develop/workSpaceSelf/exercise/target/classes/com/zl/mybatis/dao/OrderMapper.class
11:39:20,296 DEBUG DefaultVFS:248 - Not a JAR: file:/E:/develop/workSpaceSelf/exercise/target/classes/com/zl/mybatis/dao/OrderMapper.class
11:39:20,297 DEBUG DefaultVFS:102 - Reader entry: 漱壕&amp;#0;&amp;#0;&amp;#0;4&amp;#0;&amp;#17;&amp;#7;&amp;#0;&amp;#2;&amp;#1;&amp;#0;&amp;#30;com/zl/mybatis/dao/OrderMapper&amp;#7;&amp;#0;&amp;#4;&amp;#1;&amp;#0;&amp;#16;java/lang/Object&amp;#1;&amp;#0;&amp;#22;findOrderListResultMap&amp;#1;&amp;#0;&amp;#18;()Ljava/util/List;&amp;#1;&amp;#0;
11:39:20,297 DEBUG DefaultVFS:222 - Find JAR URL: file:/E:/develop/workSpaceSelf/exercise/target/classes/com/zl/mybatis/dao/OrderMapper.xml
11:39:20,298 DEBUG DefaultVFS:248 - Not a JAR: file:/E:/develop/workSpaceSelf/exercise/target/classes/com/zl/mybatis/dao/OrderMapper.xml
11:39:20,298 DEBUG DefaultVFS:102 - Reader entry: &lt;?xml version=&quot;1.0&quot; encoding=&quot;UTF-8&quot;?&gt;
11:39:20,299 DEBUG DefaultVFS:222 - Find JAR URL: file:/E:/develop/workSpaceSelf/exercise/target/classes/com/zl/mybatis/dao/OrderResultTypeMapper.class
11:39:20,299 DEBUG DefaultVFS:248 - Not a JAR: file:/E:/develop/workSpaceSelf/exercise/target/classes/com/zl/mybatis/dao/OrderResultTypeMapper.class
11:39:20,300 DEBUG DefaultVFS:102 - Reader entry: 漱壕&amp;#0;&amp;#0;&amp;#0;4&amp;#0;&amp;#14;&amp;#7;&amp;#0;&amp;#2;&amp;#1;&amp;#0;(com/zl/mybatis/dao/OrderResultTypeMapper&amp;#7;&amp;#0;&amp;#4;&amp;#1;&amp;#0;&amp;#16;java/lang/Object&amp;#1;&amp;#0;&amp;#23;findOrderListResultType&amp;#1;&amp;#0;&amp;#18;()Ljava/util/List;&amp;#1;&amp;#0;
11:39:20,300 DEBUG DefaultVFS:222 - Find JAR URL: file:/E:/develop/workSpaceSelf/exercise/target/classes/com/zl/mybatis/dao/OrderResultTypeMapper.xml
11:39:20,301 DEBUG DefaultVFS:248 - Not a JAR: file:/E:/develop/workSpaceSelf/exercise/target/classes/com/zl/mybatis/dao/OrderResultTypeMapper.xml
11:39:20,301 DEBUG DefaultVFS:102 - Reader entry: &lt;?xml version=&quot;1.0&quot; encoding=&quot;UTF-8&quot;?&gt;
11:39:20,302 DEBUG DefaultVFS:222 - Find JAR URL: file:/E:/develop/workSpaceSelf/exercise/target/classes/com/zl/mybatis/dao/PromotionMapper.class
11:39:20,302 DEBUG DefaultVFS:248 - Not a JAR: file:/E:/develop/workSpaceSelf/exercise/target/classes/com/zl/mybatis/dao/PromotionMapper.class
11:39:20,303 DEBUG DefaultVFS:102 - Reader entry: 漱壕&amp;#0;&amp;#0;&amp;#0;4&amp;#0;&amp;#19;&amp;#7;&amp;#0;&amp;#2;&amp;#1;&amp;#0;&quot;com/zl/mybatis/dao/PromotionMapper&amp;#7;&amp;#0;&amp;#4;&amp;#1;&amp;#0;&amp;#16;java/lang/Object&amp;#1;&amp;#0;
11:39:20,303 DEBUG DefaultVFS:222 - Find JAR URL: file:/E:/develop/workSpaceSelf/exercise/target/classes/com/zl/mybatis/dao/PromotionMapper.xml
11:39:20,304 DEBUG DefaultVFS:248 - Not a JAR: file:/E:/develop/workSpaceSelf/exercise/target/classes/com/zl/mybatis/dao/PromotionMapper.xml
11:39:20,304 DEBUG DefaultVFS:102 - Reader entry: &lt;?xml version=&quot;1.0&quot; encoding=&quot;UTF-8&quot;?&gt;
11:39:20,305 DEBUG DefaultVFS:222 - Find JAR URL: file:/E:/develop/workSpaceSelf/exercise/target/classes/com/zl/mybatis/dao/UserAnswerRecordMapper.class
11:39:20,305 DEBUG DefaultVFS:248 - Not a JAR: file:/E:/develop/workSpaceSelf/exercise/target/classes/com/zl/mybatis/dao/UserAnswerRecordMapper.class
11:39:20,306 DEBUG DefaultVFS:102 - Reader entry: 漱壕&amp;#0;&amp;#0;&amp;#0;4&amp;#0;&amp;#20;&amp;#7;&amp;#0;&amp;#2;&amp;#1;&amp;#0;)com/zl/mybatis/dao/UserAnswerRecordMapper&amp;#7;&amp;#0;&amp;#4;&amp;#1;&amp;#0;&amp;#16;java/lang/Object&amp;#1;&amp;#0;&amp;#23;getUserAnswerRecordList&amp;#1;&amp;#0;;(Lcom/zl/mybatis/entity/UserAnswerQueryVo;)Ljava/util/List;&amp;#1;&amp;#0;	Signature&amp;#1;&amp;#0;c(Lcom/zl/mybatis/entity/UserAnswerQueryVo;)Ljava/util/List&lt;Lcom/zl/mybatis/pojo/UserAnswerRecord;&gt;;&amp;#1;&amp;#0;&amp;#22;delAnswerEvertRuleById&amp;#1;&amp;#0;&amp;#21;(Ljava/lang/String;)I&amp;#1;&amp;#0;&amp;#25;selectAnswerEvertRuleById&amp;#1;&amp;#0;$(Ljava/lang/String;)Ljava/util/List;&amp;#1;&amp;#0;9(Ljava/lang/String;)Ljava/util/List&lt;Ljava/lang/Integer;&gt;;&amp;#1;&amp;#0;&amp;#23;delAnswerEventConfnById&amp;#1;&amp;#0;&amp;#24;getUserAnswerRecordList1&amp;#1;&amp;#0;&amp;#15;insertRdoEnitiy&amp;#1;&amp;#0;&apos;(Lcom/zl/mybatis/entity/RdoOrderInfo;)V&amp;#1;&amp;#0;
11:39:20,306 DEBUG DefaultVFS:222 - Find JAR URL: file:/E:/develop/workSpaceSelf/exercise/target/classes/com/zl/mybatis/dao/UserAnswerRecordMapper.xml
11:39:20,307 DEBUG DefaultVFS:248 - Not a JAR: file:/E:/develop/workSpaceSelf/exercise/target/classes/com/zl/mybatis/dao/UserAnswerRecordMapper.xml
11:39:20,307 DEBUG DefaultVFS:102 - Reader entry: &lt;?xml version=&quot;1.0&quot; encoding=&quot;UTF-8&quot;?&gt;
11:39:20,308 DEBUG DefaultVFS:222 - Find JAR URL: file:/E:/develop/workSpaceSelf/exercise/target/classes/com/zl/mybatis/dao/UserMapper.class
11:39:20,308 DEBUG DefaultVFS:248 - Not a JAR: file:/E:/develop/workSpaceSelf/exercise/target/classes/com/zl/mybatis/dao/UserMapper.class
11:39:20,308 DEBUG DefaultVFS:102 - Reader entry: 漱壕&amp;#0;&amp;#0;&amp;#0;4&amp;#0; &amp;#7;&amp;#0;&amp;#2;&amp;#1;&amp;#0;&amp;#29;com/zl/mybatis/dao/UserMapper&amp;#7;&amp;#0;&amp;#4;&amp;#1;&amp;#0;&amp;#16;java/lang/Object&amp;#1;&amp;#0;&amp;#11;getUserById&amp;#1;&amp;#0;&amp;#29;(I)Lcom/zl/mybatis/pojo/User;&amp;#1;&amp;#0;
11:39:20,309 DEBUG DefaultVFS:222 - Find JAR URL: file:/E:/develop/workSpaceSelf/exercise/target/classes/com/zl/mybatis/dao/UserMapper.xml
11:39:20,309 DEBUG DefaultVFS:248 - Not a JAR: file:/E:/develop/workSpaceSelf/exercise/target/classes/com/zl/mybatis/dao/UserMapper.xml
11:39:20,310 DEBUG DefaultVFS:102 - Reader entry: &lt;?xml version=&quot;1.0&quot; encoding=&quot;UTF-8&quot;?&gt;
11:39:20,310 DEBUG ResolverUtil:256 - Checking to see if class com.zl.mybatis.dao.OrderMapper matches criteria [is assignable to Object]
11:39:20,311 DEBUG ResolverUtil:256 - Checking to see if class com.zl.mybatis.dao.OrderResultTypeMapper matches criteria [is assignable to Object]
11:39:20,311 DEBUG ResolverUtil:256 - Checking to see if class com.zl.mybatis.dao.PromotionMapper matches criteria [is assignable to Object]
11:39:20,311 DEBUG ResolverUtil:256 - Checking to see if class com.zl.mybatis.dao.UserAnswerRecordMapper matches criteria [is assignable to Object]
11:39:20,311 DEBUG ResolverUtil:256 - Checking to see if class com.zl.mybatis.dao.UserMapper matches criteria [is assignable to Object]
</system-out>
  </testcase>
  <testcase classname="com.zl.test.sql.OrderDaoTest" name="test3333" time="0.081">
    <error message="Could not initialize class org.mybatis.caches.ehcache.EhcacheCache" type="java.lang.NoClassDefFoundError">java.lang.NoClassDefFoundError: Could not initialize class org.mybatis.caches.ehcache.EhcacheCache
	at java.lang.Class.forName0(Native Method)
	at java.lang.Class.forName(Class.java:348)
	at org.apache.ibatis.io.ClassLoaderWrapper.classForName(ClassLoaderWrapper.java:186)
	at org.apache.ibatis.io.ClassLoaderWrapper.classForName(ClassLoaderWrapper.java:89)
	at org.apache.ibatis.io.Resources.classForName(Resources.java:261)
	at org.apache.ibatis.type.TypeAliasRegistry.resolveAlias(TypeAliasRegistry.java:116)
	at org.apache.ibatis.builder.xml.XMLMapperBuilder.cacheElement(XMLMapperBuilder.java:202)
	at org.apache.ibatis.builder.xml.XMLMapperBuilder.configurationElement(XMLMapperBuilder.java:114)
	at org.apache.ibatis.builder.xml.XMLMapperBuilder.parse(XMLMapperBuilder.java:92)
	at org.apache.ibatis.builder.annotation.MapperAnnotationBuilder.loadXmlResource(MapperAnnotationBuilder.java:173)
	at org.apache.ibatis.builder.annotation.MapperAnnotationBuilder.parse(MapperAnnotationBuilder.java:124)
	at org.apache.ibatis.binding.MapperRegistry.addMapper(MapperRegistry.java:72)
	at org.apache.ibatis.binding.MapperRegistry.addMappers(MapperRegistry.java:97)
	at org.apache.ibatis.binding.MapperRegistry.addMappers(MapperRegistry.java:105)
	at org.apache.ibatis.session.Configuration.addMappers(Configuration.java:724)
	at org.apache.ibatis.builder.xml.XMLConfigBuilder.mapperElement(XMLConfigBuilder.java:360)
	at org.apache.ibatis.builder.xml.XMLConfigBuilder.parseConfiguration(XMLConfigBuilder.java:118)
	at org.apache.ibatis.builder.xml.XMLConfigBuilder.parse(XMLConfigBuilder.java:98)
	at org.apache.ibatis.session.SqlSessionFactoryBuilder.build(SqlSessionFactoryBuilder.java:78)
	at org.apache.ibatis.session.SqlSessionFactoryBuilder.build(SqlSessionFactoryBuilder.java:64)
	at com.zl.utils.MyBatisUtils.getnewInstance(MyBatisUtils.java:28)
	at com.zl.test.sql.OrderDaoTest.before(OrderDaoTest.java:44)
	at sun.reflect.NativeMethodAccessorImpl.invoke0(Native Method)
	at sun.reflect.NativeMethodAccessorImpl.invoke(NativeMethodAccessorImpl.java:62)
	at sun.reflect.DelegatingMethodAccessorImpl.invoke(DelegatingMethodAccessorImpl.java:43)
	at java.lang.reflect.Method.invoke(Method.java:498)
	at org.junit.runners.model.FrameworkMethod$1.runReflectiveCall(FrameworkMethod.java:45)
	at org.junit.internal.runners.model.ReflectiveCallable.run(ReflectiveCallable.java:15)
	at org.junit.runners.model.FrameworkMethod.invokeExplosively(FrameworkMethod.java:42)
	at org.junit.internal.runners.statements.RunBefores.evaluate(RunBefores.java:27)
	at org.junit.runners.ParentRunner.runLeaf(ParentRunner.java:263)
	at org.junit.runners.BlockJUnit4ClassRunner.runChild(BlockJUnit4ClassRunner.java:68)
	at org.junit.runners.BlockJUnit4ClassRunner.runChild(BlockJUnit4ClassRunner.java:47)
	at org.junit.runners.ParentRunner$3.run(ParentRunner.java:231)
	at org.junit.runners.ParentRunner$1.schedule(ParentRunner.java:60)
	at org.junit.runners.ParentRunner.runChildren(ParentRunner.java:229)
	at org.junit.runners.ParentRunner.access$000(ParentRunner.java:50)
	at org.junit.runners.ParentRunner$2.evaluate(ParentRunner.java:222)
	at org.junit.runners.ParentRunner.run(ParentRunner.java:300)
	at org.apache.maven.surefire.junit4.JUnit4Provider.execute(JUnit4Provider.java:252)
	at org.apache.maven.surefire.junit4.JUnit4Provider.executeTestSet(JUnit4Provider.java:141)
	at org.apache.maven.surefire.junit4.JUnit4Provider.invoke(JUnit4Provider.java:112)
	at sun.reflect.NativeMethodAccessorImpl.invoke0(Native Method)
	at sun.reflect.NativeMethodAccessorImpl.invoke(NativeMethodAccessorImpl.java:62)
	at sun.reflect.DelegatingMethodAccessorImpl.invoke(DelegatingMethodAccessorImpl.java:43)
	at java.lang.reflect.Method.invoke(Method.java:498)
	at org.apache.maven.surefire.util.ReflectionUtils.invokeMethodWithArray(ReflectionUtils.java:189)
	at org.apache.maven.surefire.booter.ProviderFactory$ProviderProxy.invoke(ProviderFactory.java:165)
	at org.apache.maven.surefire.booter.ProviderFactory.invokeProvider(ProviderFactory.java:85)
	at org.apache.maven.surefire.booter.ForkedBooter.runSuitesInProcess(ForkedBooter.java:115)
	at org.apache.maven.surefire.booter.ForkedBooter.main(ForkedBooter.java:75)
</error>
    <system-out>11:39:20,348 DEBUG DefaultVFS:222 - Find JAR URL: file:/E:/develop/workSpaceSelf/exercise/target/classes/com/zl/mybatis/pojo
11:39:20,348 DEBUG DefaultVFS:248 - Not a JAR: file:/E:/develop/workSpaceSelf/exercise/target/classes/com/zl/mybatis/pojo
11:39:20,349 DEBUG DefaultVFS:102 - Reader entry: Items.class
11:39:20,350 DEBUG DefaultVFS:102 - Reader entry: Orderdetail.class
11:39:20,350 DEBUG DefaultVFS:102 - Reader entry: Orders.class
11:39:20,351 DEBUG DefaultVFS:102 - Reader entry: OrdersCustom.class
11:39:20,351 DEBUG DefaultVFS:102 - Reader entry: QueryVo.class
11:39:20,351 DEBUG DefaultVFS:102 - Reader entry: User.class
11:39:20,352 DEBUG DefaultVFS:102 - Reader entry: UserAnswerRecord.class
11:39:20,352 DEBUG DefaultVFS:102 - Reader entry: UserCustom.class
11:39:20,352 DEBUG DefaultVFS:113 - Listing file:/E:/develop/workSpaceSelf/exercise/target/classes/com/zl/mybatis/pojo
11:39:20,352 DEBUG DefaultVFS:222 - Find JAR URL: file:/E:/develop/workSpaceSelf/exercise/target/classes/com/zl/mybatis/pojo/Items.class
11:39:20,353 DEBUG DefaultVFS:248 - Not a JAR: file:/E:/develop/workSpaceSelf/exercise/target/classes/com/zl/mybatis/pojo/Items.class
11:39:20,353 DEBUG DefaultVFS:102 - Reader entry: 漱壕&amp;#0;&amp;#0;&amp;#0;4&amp;#0;k&amp;#7;&amp;#0;&amp;#2;&amp;#1;&amp;#0;&amp;#25;com/zl/mybatis/pojo/Items&amp;#7;&amp;#0;&amp;#4;&amp;#1;&amp;#0;&amp;#16;java/lang/Object&amp;#7;&amp;#0;&amp;#6;&amp;#1;&amp;#0;&amp;#20;java/io/Serializable&amp;#1;&amp;#0;&amp;#2;id&amp;#1;&amp;#0;&amp;#19;Ljava/lang/Integer;&amp;#1;&amp;#0;&amp;#4;name&amp;#1;&amp;#0;&amp;#18;Ljava/lang/String;&amp;#1;&amp;#0;&amp;#5;price&amp;#1;&amp;#0;&amp;#17;Ljava/lang/Float;&amp;#1;&amp;#0;&amp;#3;pic&amp;#1;&amp;#0;
11:39:20,354 DEBUG DefaultVFS:222 - Find JAR URL: file:/E:/develop/workSpaceSelf/exercise/target/classes/com/zl/mybatis/pojo/Orderdetail.class
11:39:20,354 DEBUG DefaultVFS:248 - Not a JAR: file:/E:/develop/workSpaceSelf/exercise/target/classes/com/zl/mybatis/pojo/Orderdetail.class
11:39:20,354 DEBUG DefaultVFS:102 - Reader entry: 漱壕&amp;#0;&amp;#0;&amp;#0;4&amp;#0;K&amp;#7;&amp;#0;&amp;#2;&amp;#1;&amp;#0;&amp;#31;com/zl/mybatis/pojo/Orderdetail&amp;#7;&amp;#0;&amp;#4;&amp;#1;&amp;#0;&amp;#16;java/lang/Object&amp;#7;&amp;#0;&amp;#6;&amp;#1;&amp;#0;&amp;#20;java/io/Serializable&amp;#1;&amp;#0;&amp;#2;id&amp;#1;&amp;#0;&amp;#19;Ljava/lang/Integer;&amp;#1;&amp;#0;&amp;#8;ordersId&amp;#1;&amp;#0;&amp;#7;itemsId&amp;#1;&amp;#0;&amp;#8;itemsNum&amp;#1;&amp;#0;&amp;#5;items&amp;#1;&amp;#0;&amp;#27;Lcom/zl/mybatis/pojo/Items;&amp;#1;&amp;#0;&amp;#6;&lt;init&gt;&amp;#1;&amp;#0;&amp;#3;()V&amp;#1;&amp;#0;&amp;#4;Code
11:39:20,355 DEBUG DefaultVFS:222 - Find JAR URL: file:/E:/develop/workSpaceSelf/exercise/target/classes/com/zl/mybatis/pojo/Orders.class
11:39:20,355 DEBUG DefaultVFS:248 - Not a JAR: file:/E:/develop/workSpaceSelf/exercise/target/classes/com/zl/mybatis/pojo/Orders.class
11:39:20,356 DEBUG DefaultVFS:102 - Reader entry: 漱壕&amp;#0;&amp;#0;&amp;#0;4&amp;#0;m&amp;#7;&amp;#0;&amp;#2;&amp;#1;&amp;#0;&amp;#26;com/zl/mybatis/pojo/Orders&amp;#7;&amp;#0;&amp;#4;&amp;#1;&amp;#0;&amp;#16;java/lang/Object&amp;#7;&amp;#0;&amp;#6;&amp;#1;&amp;#0;&amp;#20;java/io/Serializable&amp;#1;&amp;#0;&amp;#2;id&amp;#1;&amp;#0;&amp;#19;Ljava/lang/Integer;&amp;#1;&amp;#0;&amp;#6;userId&amp;#1;&amp;#0;&amp;#6;number&amp;#1;&amp;#0;&amp;#18;Ljava/lang/String;&amp;#1;&amp;#0;
11:39:20,357 DEBUG DefaultVFS:222 - Find JAR URL: file:/E:/develop/workSpaceSelf/exercise/target/classes/com/zl/mybatis/pojo/OrdersCustom.class
11:39:20,357 DEBUG DefaultVFS:248 - Not a JAR: file:/E:/develop/workSpaceSelf/exercise/target/classes/com/zl/mybatis/pojo/OrdersCustom.class
11:39:20,357 DEBUG DefaultVFS:102 - Reader entry: 漱壕&amp;#0;&amp;#0;&amp;#0;4&amp;#0;&amp;#29;&amp;#7;&amp;#0;&amp;#2;&amp;#1;&amp;#0; com/zl/mybatis/pojo/OrdersCustom&amp;#7;&amp;#0;&amp;#4;&amp;#1;&amp;#0;&amp;#26;com/zl/mybatis/pojo/Orders&amp;#1;&amp;#0;&amp;#8;username&amp;#1;&amp;#0;&amp;#18;Ljava/lang/String;&amp;#1;&amp;#0;&amp;#7;address&amp;#1;&amp;#0;&amp;#6;&lt;init&gt;&amp;#1;&amp;#0;&amp;#3;()V&amp;#1;&amp;#0;&amp;#4;Code
11:39:20,358 DEBUG DefaultVFS:222 - Find JAR URL: file:/E:/develop/workSpaceSelf/exercise/target/classes/com/zl/mybatis/pojo/QueryVo.class
11:39:20,358 DEBUG DefaultVFS:248 - Not a JAR: file:/E:/develop/workSpaceSelf/exercise/target/classes/com/zl/mybatis/pojo/QueryVo.class
11:39:20,358 DEBUG DefaultVFS:102 - Reader entry: 漱壕&amp;#0;&amp;#0;&amp;#0;4&amp;#0; &amp;#7;&amp;#0;&amp;#2;&amp;#1;&amp;#0;&amp;#27;com/zl/mybatis/pojo/QueryVo&amp;#7;&amp;#0;&amp;#4;&amp;#1;&amp;#0;&amp;#16;java/lang/Object&amp;#1;&amp;#0;&amp;#4;user&amp;#1;&amp;#0;&amp;#26;Lcom/zl/mybatis/pojo/User;&amp;#1;&amp;#0;
11:39:20,359 DEBUG DefaultVFS:222 - Find JAR URL: file:/E:/develop/workSpaceSelf/exercise/target/classes/com/zl/mybatis/pojo/User.class
11:39:20,359 DEBUG DefaultVFS:248 - Not a JAR: file:/E:/develop/workSpaceSelf/exercise/target/classes/com/zl/mybatis/pojo/User.class
11:39:20,360 DEBUG DefaultVFS:102 - Reader entry: 漱壕&amp;#0;&amp;#0;&amp;#0;4&amp;#0;U&amp;#7;&amp;#0;&amp;#2;&amp;#1;&amp;#0;&amp;#24;com/zl/mybatis/pojo/User&amp;#7;&amp;#0;&amp;#4;&amp;#1;&amp;#0;&amp;#16;java/lang/Object&amp;#7;&amp;#0;&amp;#6;&amp;#1;&amp;#0;&amp;#20;java/io/Serializable&amp;#1;&amp;#0;&amp;#2;id&amp;#1;&amp;#0;&amp;#1;I&amp;#1;&amp;#0;&amp;#8;username&amp;#1;&amp;#0;&amp;#18;Ljava/lang/String;&amp;#1;&amp;#0;&amp;#3;sex&amp;#1;&amp;#0;&amp;#8;birthday&amp;#1;&amp;#0;&amp;#16;Ljava/util/Date;&amp;#1;&amp;#0;&amp;#7;address&amp;#1;&amp;#0;&amp;#6;orders&amp;#1;&amp;#0;&amp;#16;Ljava/util/List;&amp;#1;&amp;#0;	Signature&amp;#1;&amp;#0;.Ljava/util/List&lt;Lcom/zl/mybatis/pojo/Orders;&gt;;&amp;#1;&amp;#0;&amp;#6;&lt;init&gt;&amp;#1;&amp;#0;&amp;#3;()V&amp;#1;&amp;#0;&amp;#4;Code
11:39:20,360 DEBUG DefaultVFS:222 - Find JAR URL: file:/E:/develop/workSpaceSelf/exercise/target/classes/com/zl/mybatis/pojo/UserAnswerRecord.class
11:39:20,360 DEBUG DefaultVFS:248 - Not a JAR: file:/E:/develop/workSpaceSelf/exercise/target/classes/com/zl/mybatis/pojo/UserAnswerRecord.class
11:39:20,361 DEBUG DefaultVFS:102 - Reader entry: 漱壕&amp;#0;&amp;#0;&amp;#0;4&amp;#0;?&amp;#7;&amp;#0;&amp;#2;&amp;#1;&amp;#0;$com/zl/mybatis/pojo/UserAnswerRecord&amp;#7;&amp;#0;&amp;#4;&amp;#1;&amp;#0;&amp;#16;java/lang/Object&amp;#1;&amp;#0;&amp;#2;id&amp;#1;&amp;#0;&amp;#18;Ljava/lang/String;&amp;#1;&amp;#0;&amp;#7;eventid&amp;#1;&amp;#0;
11:39:20,361 DEBUG DefaultVFS:222 - Find JAR URL: file:/E:/develop/workSpaceSelf/exercise/target/classes/com/zl/mybatis/pojo/UserCustom.class
11:39:20,362 DEBUG DefaultVFS:248 - Not a JAR: file:/E:/develop/workSpaceSelf/exercise/target/classes/com/zl/mybatis/pojo/UserCustom.class
11:39:20,362 DEBUG DefaultVFS:102 - Reader entry: 漱壕&amp;#0;&amp;#0;&amp;#0;4&amp;#0;&amp;#19;&amp;#7;&amp;#0;&amp;#2;&amp;#1;&amp;#0;&amp;#30;com/zl/mybatis/pojo/UserCustom&amp;#7;&amp;#0;&amp;#4;&amp;#1;&amp;#0;&amp;#24;com/zl/mybatis/pojo/User&amp;#1;&amp;#0;&amp;#14;birthday_start&amp;#1;&amp;#0;&amp;#16;Ljava/util/Date;&amp;#1;&amp;#0;&amp;#12;birthday_end&amp;#1;&amp;#0;&amp;#6;&lt;init&gt;&amp;#1;&amp;#0;&amp;#3;()V&amp;#1;&amp;#0;&amp;#4;Code
11:39:20,363 DEBUG ResolverUtil:256 - Checking to see if class com.zl.mybatis.pojo.Items matches criteria [is assignable to Object]
11:39:20,363 DEBUG ResolverUtil:256 - Checking to see if class com.zl.mybatis.pojo.Orderdetail matches criteria [is assignable to Object]
11:39:20,363 DEBUG ResolverUtil:256 - Checking to see if class com.zl.mybatis.pojo.Orders matches criteria [is assignable to Object]
11:39:20,363 DEBUG ResolverUtil:256 - Checking to see if class com.zl.mybatis.pojo.OrdersCustom matches criteria [is assignable to Object]
11:39:20,363 DEBUG ResolverUtil:256 - Checking to see if class com.zl.mybatis.pojo.QueryVo matches criteria [is assignable to Object]
11:39:20,364 DEBUG ResolverUtil:256 - Checking to see if class com.zl.mybatis.pojo.User matches criteria [is assignable to Object]
11:39:20,364 DEBUG ResolverUtil:256 - Checking to see if class com.zl.mybatis.pojo.UserAnswerRecord matches criteria [is assignable to Object]
11:39:20,364 DEBUG ResolverUtil:256 - Checking to see if class com.zl.mybatis.pojo.UserCustom matches criteria [is assignable to Object]
11:39:20,365 DEBUG LogFactory:135 - Logging initialized using &apos;class org.apache.ibatis.logging.log4j.Log4jImpl&apos; adapter.
11:39:20,367 DEBUG PooledDataSource:316 - PooledDataSource forcefully closed/removed all connections.
11:39:20,367 DEBUG PooledDataSource:316 - PooledDataSource forcefully closed/removed all connections.
11:39:20,367 DEBUG PooledDataSource:316 - PooledDataSource forcefully closed/removed all connections.
11:39:20,368 DEBUG PooledDataSource:316 - PooledDataSource forcefully closed/removed all connections.
11:39:20,369 DEBUG DefaultVFS:222 - Find JAR URL: file:/E:/develop/workSpaceSelf/exercise/target/classes/com/zl/mybatis/dao
11:39:20,369 DEBUG DefaultVFS:248 - Not a JAR: file:/E:/develop/workSpaceSelf/exercise/target/classes/com/zl/mybatis/dao
11:39:20,370 DEBUG DefaultVFS:102 - Reader entry: OrderMapper.class
11:39:20,370 DEBUG DefaultVFS:102 - Reader entry: OrderMapper.xml
11:39:20,371 DEBUG DefaultVFS:102 - Reader entry: OrderResultTypeMapper.class
11:39:20,371 DEBUG DefaultVFS:102 - Reader entry: OrderResultTypeMapper.xml
11:39:20,372 DEBUG DefaultVFS:102 - Reader entry: PromotionMapper.class
11:39:20,372 DEBUG DefaultVFS:102 - Reader entry: PromotionMapper.xml
11:39:20,372 DEBUG DefaultVFS:102 - Reader entry: UserAnswerRecordMapper.class
11:39:20,373 DEBUG DefaultVFS:102 - Reader entry: UserAnswerRecordMapper.xml
11:39:20,373 DEBUG DefaultVFS:102 - Reader entry: UserMapper.class
11:39:20,374 DEBUG DefaultVFS:102 - Reader entry: UserMapper.xml
11:39:20,374 DEBUG DefaultVFS:113 - Listing file:/E:/develop/workSpaceSelf/exercise/target/classes/com/zl/mybatis/dao
11:39:20,374 DEBUG DefaultVFS:222 - Find JAR URL: file:/E:/develop/workSpaceSelf/exercise/target/classes/com/zl/mybatis/dao/OrderMapper.class
11:39:20,375 DEBUG DefaultVFS:248 - Not a JAR: file:/E:/develop/workSpaceSelf/exercise/target/classes/com/zl/mybatis/dao/OrderMapper.class
11:39:20,375 DEBUG DefaultVFS:102 - Reader entry: 漱壕&amp;#0;&amp;#0;&amp;#0;4&amp;#0;&amp;#17;&amp;#7;&amp;#0;&amp;#2;&amp;#1;&amp;#0;&amp;#30;com/zl/mybatis/dao/OrderMapper&amp;#7;&amp;#0;&amp;#4;&amp;#1;&amp;#0;&amp;#16;java/lang/Object&amp;#1;&amp;#0;&amp;#22;findOrderListResultMap&amp;#1;&amp;#0;&amp;#18;()Ljava/util/List;&amp;#1;&amp;#0;
11:39:20,376 DEBUG DefaultVFS:222 - Find JAR URL: file:/E:/develop/workSpaceSelf/exercise/target/classes/com/zl/mybatis/dao/OrderMapper.xml
11:39:20,376 DEBUG DefaultVFS:248 - Not a JAR: file:/E:/develop/workSpaceSelf/exercise/target/classes/com/zl/mybatis/dao/OrderMapper.xml
11:39:20,377 DEBUG DefaultVFS:102 - Reader entry: &lt;?xml version=&quot;1.0&quot; encoding=&quot;UTF-8&quot;?&gt;
11:39:20,377 DEBUG DefaultVFS:222 - Find JAR URL: file:/E:/develop/workSpaceSelf/exercise/target/classes/com/zl/mybatis/dao/OrderResultTypeMapper.class
11:39:20,378 DEBUG DefaultVFS:248 - Not a JAR: file:/E:/develop/workSpaceSelf/exercise/target/classes/com/zl/mybatis/dao/OrderResultTypeMapper.class
11:39:20,378 DEBUG DefaultVFS:102 - Reader entry: 漱壕&amp;#0;&amp;#0;&amp;#0;4&amp;#0;&amp;#14;&amp;#7;&amp;#0;&amp;#2;&amp;#1;&amp;#0;(com/zl/mybatis/dao/OrderResultTypeMapper&amp;#7;&amp;#0;&amp;#4;&amp;#1;&amp;#0;&amp;#16;java/lang/Object&amp;#1;&amp;#0;&amp;#23;findOrderListResultType&amp;#1;&amp;#0;&amp;#18;()Ljava/util/List;&amp;#1;&amp;#0;
11:39:20,379 DEBUG DefaultVFS:222 - Find JAR URL: file:/E:/develop/workSpaceSelf/exercise/target/classes/com/zl/mybatis/dao/OrderResultTypeMapper.xml
11:39:20,379 DEBUG DefaultVFS:248 - Not a JAR: file:/E:/develop/workSpaceSelf/exercise/target/classes/com/zl/mybatis/dao/OrderResultTypeMapper.xml
11:39:20,380 DEBUG DefaultVFS:102 - Reader entry: &lt;?xml version=&quot;1.0&quot; encoding=&quot;UTF-8&quot;?&gt;
11:39:20,380 DEBUG DefaultVFS:222 - Find JAR URL: file:/E:/develop/workSpaceSelf/exercise/target/classes/com/zl/mybatis/dao/PromotionMapper.class
11:39:20,380 DEBUG DefaultVFS:248 - Not a JAR: file:/E:/develop/workSpaceSelf/exercise/target/classes/com/zl/mybatis/dao/PromotionMapper.class
11:39:20,381 DEBUG DefaultVFS:102 - Reader entry: 漱壕&amp;#0;&amp;#0;&amp;#0;4&amp;#0;&amp;#19;&amp;#7;&amp;#0;&amp;#2;&amp;#1;&amp;#0;&quot;com/zl/mybatis/dao/PromotionMapper&amp;#7;&amp;#0;&amp;#4;&amp;#1;&amp;#0;&amp;#16;java/lang/Object&amp;#1;&amp;#0;
11:39:20,381 DEBUG DefaultVFS:222 - Find JAR URL: file:/E:/develop/workSpaceSelf/exercise/target/classes/com/zl/mybatis/dao/PromotionMapper.xml
11:39:20,381 DEBUG DefaultVFS:248 - Not a JAR: file:/E:/develop/workSpaceSelf/exercise/target/classes/com/zl/mybatis/dao/PromotionMapper.xml
11:39:20,382 DEBUG DefaultVFS:102 - Reader entry: &lt;?xml version=&quot;1.0&quot; encoding=&quot;UTF-8&quot;?&gt;
[...]
	at org.apache.ibatis.builder.xml.XMLMapperBuilder.configurationElement(XMLMapperBuilder.java:114)
	at org.apache.ibatis.builder.xml.XMLMapperBuilder.parse(XMLMapperBuilder.java:92)
	at org.apache.ibatis.builder.annotation.MapperAnnotationBuilder.loadXmlResource(MapperAnnotationBuilder.java:173)
	at org.apache.ibatis.builder.annotation.MapperAnnotationBuilder.parse(MapperAnnotationBuilder.java:124)
	at org.apache.ibatis.binding.MapperRegistry.addMapper(MapperRegistry.java:72)
	at org.apache.ibatis.binding.MapperRegistry.addMappers(MapperRegistry.java:97)
	at org.apache.ibatis.binding.MapperRegistry.addMappers(MapperRegistry.java:105)
	at org.apache.ibatis.session.Configuration.addMappers(Configuration.java:724)
	at org.apache.ibatis.builder.xml.XMLConfigBuilder.mapperElement(XMLConfigBuilder.java:360)
	at org.apache.ibatis.builder.xml.XMLConfigBuilder.parseConfiguration(XMLConfigBuilder.java:118)
	at org.apache.ibatis.builder.xml.XMLConfigBuilder.parse(XMLConfigBuilder.java:98)
	at org.apache.ibatis.session.SqlSessionFactoryBuilder.build(SqlSessionFactoryBuilder.java:78)
	at org.apache.ibatis.session.SqlSessionFactoryBuilder.build(SqlSessionFactoryBuilder.java:64)
	at com.zl.utils.MyBatisUtils.getnewInstance(MyBatisUtils.java:28)
	at com.zl.test.sql.OrderDaoTest.before(OrderDaoTest.java:44)
	at sun.reflect.GeneratedMethodAccessor10.invoke(Unknown Source)
	at sun.reflect.DelegatingMethodAccessorImpl.invoke(DelegatingMethodAccessorImpl.java:43)
	at java.lang.reflect.Method.invoke(Method.java:498)
	at org.junit.runners.model.FrameworkMethod$1.runReflectiveCall(FrameworkMethod.java:45)
	at org.junit.internal.runners.model.ReflectiveCallable.run(ReflectiveCallable.java:15)
	at org.junit.runners.model.FrameworkMethod.invokeExplosively(FrameworkMethod.java:42)
	at org.junit.internal.runners.statements.RunBefores.evaluate(RunBefores.java:27)
	at org.junit.runners.ParentRunner.runLeaf(ParentRunner.java:263)
	at org.junit.runners.BlockJUnit4ClassRunner.runChild(BlockJUnit4ClassRunner.java:68)
	at org.junit.runners.BlockJUnit4ClassRunner.runChild(BlockJUnit4ClassRunner.java:47)
	at org.junit.runners.ParentRunner$3.run(ParentRunner.java:231)
	at org.junit.runners.ParentRunner$1.schedule(ParentRunner.java:60)
	at org.junit.runners.ParentRunner.runChildren(ParentRunner.java:229)
	at org.junit.runners.ParentRunner.access$000(ParentRunner.java:50)
	at org.junit.runners.ParentRunner$2.evaluate(ParentRunner.java:222)
	at org.junit.runners.ParentRunner.run(ParentRunner.java:300)
	at org.apache.maven.surefire.junit4.JUnit4Provider.execute(JUnit4Provider.java:252)
	at org.apache.maven.surefire.junit4.JUnit4Provider.executeTestSet(JUnit4Provider.java:141)
	at org.apache.maven.surefire.junit4.JUnit4Provider.invoke(JUnit4Provider.java:112)
	at sun.reflect.NativeMethodAccessorImpl.invoke0(Native Method)
	at sun.reflect.NativeMethodAccessorImpl.invoke(NativeMethodAccessorImpl.java:62)
	at sun.reflect.DelegatingMethodAccessorImpl.invoke(DelegatingMethodAccessorImpl.java:43)
	at java.lang.reflect.Method.invoke(Method.java:498)
	at org.apache.maven.surefire.util.ReflectionUtils.invokeMethodWithArray(ReflectionUtils.java:189)
	at org.apache.maven.surefire.booter.ProviderFactory$ProviderProxy.invoke(ProviderFactory.java:165)
	at org.apache.maven.surefire.booter.ProviderFactory.invokeProvider(ProviderFactory.java:85)
	at org.apache.maven.surefire.booter.ForkedBooter.runSuitesInProcess(ForkedBooter.java:115)
	at org.apache.maven.surefire.booter.ForkedBooter.main(ForkedBooter.java:75)
</error>
    <system-out>11:39:21,365 DEBUG DefaultVFS:222 - Find JAR URL: file:/E:/develop/workSpaceSelf/exercise/target/classes/com/zl/mybatis/pojo
11:39:21,365 DEBUG DefaultVFS:248 - Not a JAR: file:/E:/develop/workSpaceSelf/exercise/target/classes/com/zl/mybatis/pojo
11:39:21,366 DEBUG DefaultVFS:102 - Reader entry: Items.class
11:39:21,367 DEBUG DefaultVFS:102 - Reader entry: Orderdetail.class
11:39:21,367 DEBUG DefaultVFS:102 - Reader entry: Orders.class
11:39:21,367 DEBUG DefaultVFS:102 - Reader entry: OrdersCustom.class
11:39:21,368 DEBUG DefaultVFS:102 - Reader entry: QueryVo.class
11:39:21,368 DEBUG DefaultVFS:102 - Reader entry: User.class
11:39:21,369 DEBUG DefaultVFS:102 - Reader entry: UserAnswerRecord.class
11:39:21,369 DEBUG DefaultVFS:102 - Reader entry: UserCustom.class
11:39:21,370 DEBUG DefaultVFS:113 - Listing file:/E:/develop/workSpaceSelf/exercise/target/classes/com/zl/mybatis/pojo
11:39:21,370 DEBUG DefaultVFS:222 - Find JAR URL: file:/E:/develop/workSpaceSelf/exercise/target/classes/com/zl/mybatis/pojo/Items.class
11:39:21,370 DEBUG DefaultVFS:248 - Not a JAR: file:/E:/develop/workSpaceSelf/exercise/target/classes/com/zl/mybatis/pojo/Items.class
11:39:21,371 DEBUG DefaultVFS:102 - Reader entry: 漱壕&amp;#0;&amp;#0;&amp;#0;4&amp;#0;k&amp;#7;&amp;#0;&amp;#2;&amp;#1;&amp;#0;&amp;#25;com/zl/mybatis/pojo/Items&amp;#7;&amp;#0;&amp;#4;&amp;#1;&amp;#0;&amp;#16;java/lang/Object&amp;#7;&amp;#0;&amp;#6;&amp;#1;&amp;#0;&amp;#20;java/io/Serializable&amp;#1;&amp;#0;&amp;#2;id&amp;#1;&amp;#0;&amp;#19;Ljava/lang/Integer;&amp;#1;&amp;#0;&amp;#4;name&amp;#1;&amp;#0;&amp;#18;Ljava/lang/String;&amp;#1;&amp;#0;&amp;#5;price&amp;#1;&amp;#0;&amp;#17;Ljava/lang/Float;&amp;#1;&amp;#0;&amp;#3;pic&amp;#1;&amp;#0;
11:39:21,371 DEBUG DefaultVFS:222 - Find JAR URL: file:/E:/develop/workSpaceSelf/exercise/target/classes/com/zl/mybatis/pojo/Orderdetail.class
11:39:21,372 DEBUG DefaultVFS:248 - Not a JAR: file:/E:/develop/workSpaceSelf/exercise/target/classes/com/zl/mybatis/pojo/Orderdetail.class
11:39:21,372 DEBUG DefaultVFS:102 - Reader entry: 漱壕&amp;#0;&amp;#0;&amp;#0;4&amp;#0;K&amp;#7;&amp;#0;&amp;#2;&amp;#1;&amp;#0;&amp;#31;com/zl/mybatis/pojo/Orderdetail&amp;#7;&amp;#0;&amp;#4;&amp;#1;&amp;#0;&amp;#16;java/lang/Object&amp;#7;&amp;#0;&amp;#6;&amp;#1;&amp;#0;&amp;#20;java/io/Serializable&amp;#1;&amp;#0;&amp;#2;id&amp;#1;&amp;#0;&amp;#19;Ljava/lang/Integer;&amp;#1;&amp;#0;&amp;#8;ordersId&amp;#1;&amp;#0;&amp;#7;itemsId&amp;#1;&amp;#0;&amp;#8;itemsNum&amp;#1;&amp;#0;&amp;#5;items&amp;#1;&amp;#0;&amp;#27;Lcom/zl/mybatis/pojo/Items;&amp;#1;&amp;#0;&amp;#6;&lt;init&gt;&amp;#1;&amp;#0;&amp;#3;()V&amp;#1;&amp;#0;&amp;#4;Code
11:39:21,373 DEBUG DefaultVFS:222 - Find JAR URL: file:/E:/develop/workSpaceSelf/exercise/target/classes/com/zl/mybatis/pojo/Orders.class
11:39:21,373 DEBUG DefaultVFS:248 - Not a JAR: file:/E:/develop/workSpaceSelf/exercise/target/classes/com/zl/mybatis/pojo/Orders.class
11:39:21,373 DEBUG DefaultVFS:102 - Reader entry: 漱壕&amp;#0;&amp;#0;&amp;#0;4&amp;#0;m&amp;#7;&amp;#0;&amp;#2;&amp;#1;&amp;#0;&amp;#26;com/zl/mybatis/pojo/Orders&amp;#7;&amp;#0;&amp;#4;&amp;#1;&amp;#0;&amp;#16;java/lang/Object&amp;#7;&amp;#0;&amp;#6;&amp;#1;&amp;#0;&amp;#20;java/io/Serializable&amp;#1;&amp;#0;&amp;#2;id&amp;#1;&amp;#0;&amp;#19;Ljava/lang/Integer;&amp;#1;&amp;#0;&amp;#6;userId&amp;#1;&amp;#0;&amp;#6;number&amp;#1;&amp;#0;&amp;#18;Ljava/lang/String;&amp;#1;&amp;#0;
11:39:21,374 DEBUG DefaultVFS:222 - Find JAR URL: file:/E:/develop/workSpaceSelf/exercise/target/classes/com/zl/mybatis/pojo/OrdersCustom.class
11:39:21,374 DEBUG DefaultVFS:248 - Not a JAR: file:/E:/develop/workSpaceSelf/exercise/target/classes/com/zl/mybatis/pojo/OrdersCustom.class
11:39:21,375 DEBUG DefaultVFS:102 - Reader entry: 漱壕&amp;#0;&amp;#0;&amp;#0;4&amp;#0;&amp;#29;&amp;#7;&amp;#0;&amp;#2;&amp;#1;&amp;#0; com/zl/mybatis/pojo/OrdersCustom&amp;#7;&amp;#0;&amp;#4;&amp;#1;&amp;#0;&amp;#26;com/zl/mybatis/pojo/Orders&amp;#1;&amp;#0;&amp;#8;username&amp;#1;&amp;#0;&amp;#18;Ljava/lang/String;&amp;#1;&amp;#0;&amp;#7;address&amp;#1;&amp;#0;&amp;#6;&lt;init&gt;&amp;#1;&amp;#0;&amp;#3;()V&amp;#1;&amp;#0;&amp;#4;Code
11:39:21,375 DEBUG DefaultVFS:222 - Find JAR URL: file:/E:/develop/workSpaceSelf/exercise/target/classes/com/zl/mybatis/pojo/QueryVo.class
11:39:21,376 DEBUG DefaultVFS:248 - Not a JAR: file:/E:/develop/workSpaceSelf/exercise/target/classes/com/zl/mybatis/pojo/QueryVo.class
11:39:21,376 DEBUG DefaultVFS:102 - Reader entry: 漱壕&amp;#0;&amp;#0;&amp;#0;4&amp;#0; &amp;#7;&amp;#0;&amp;#2;&amp;#1;&amp;#0;&amp;#27;com/zl/mybatis/pojo/QueryVo&amp;#7;&amp;#0;&amp;#4;&amp;#1;&amp;#0;&amp;#16;java/lang/Object&amp;#1;&amp;#0;&amp;#4;user&amp;#1;&amp;#0;&amp;#26;Lcom/zl/mybatis/pojo/User;&amp;#1;&amp;#0;
11:39:21,376 DEBUG DefaultVFS:222 - Find JAR URL: file:/E:/develop/workSpaceSelf/exercise/target/classes/com/zl/mybatis/pojo/User.class
11:39:21,377 DEBUG DefaultVFS:248 - Not a JAR: file:/E:/develop/workSpaceSelf/exercise/target/classes/com/zl/mybatis/pojo/User.class
11:39:21,377 DEBUG DefaultVFS:102 - Reader entry: 漱壕&amp;#0;&amp;#0;&amp;#0;4&amp;#0;U&amp;#7;&amp;#0;&amp;#2;&amp;#1;&amp;#0;&amp;#24;com/zl/mybatis/pojo/User&amp;#7;&amp;#0;&amp;#4;&amp;#1;&amp;#0;&amp;#16;java/lang/Object&amp;#7;&amp;#0;&amp;#6;&amp;#1;&amp;#0;&amp;#20;java/io/Serializable&amp;#1;&amp;#0;&amp;#2;id&amp;#1;&amp;#0;&amp;#1;I&amp;#1;&amp;#0;&amp;#8;username&amp;#1;&amp;#0;&amp;#18;Ljava/lang/String;&amp;#1;&amp;#0;&amp;#3;sex&amp;#1;&amp;#0;&amp;#8;birthday&amp;#1;&amp;#0;&amp;#16;Ljava/util/Date;&amp;#1;&amp;#0;&amp;#7;address&amp;#1;&amp;#0;&amp;#6;orders&amp;#1;&amp;#0;&amp;#16;Ljava/util/List;&amp;#1;&amp;#0;	Signature&amp;#1;&amp;#0;.Ljava/util/List&lt;Lcom/zl/mybatis/pojo/Orders;&gt;;&amp;#1;&amp;#0;&amp;#6;&lt;init&gt;&amp;#1;&amp;#0;&amp;#3;()V&amp;#1;&amp;#0;&amp;#4;Code
11:39:21,378 DEBUG DefaultVFS:222 - Find JAR URL: file:/E:/develop/workSpaceSelf/exercise/target/classes/com/zl/mybatis/pojo/UserAnswerRecord.class
11:39:21,378 DEBUG DefaultVFS:248 - Not a JAR: file:/E:/develop/workSpaceSelf/exercise/target/classes/com/zl/mybatis/pojo/UserAnswerRecord.class
11:39:21,379 DEBUG DefaultVFS:102 - Reader entry: 漱壕&amp;#0;&amp;#0;&amp;#0;4&amp;#0;?&amp;#7;&amp;#0;&amp;#2;&amp;#1;&amp;#0;$com/zl/mybatis/pojo/UserAnswerRecord&amp;#7;&amp;#0;&amp;#4;&amp;#1;&amp;#0;&amp;#16;java/lang/Object&amp;#1;&amp;#0;&amp;#2;id&amp;#1;&amp;#0;&amp;#18;Ljava/lang/String;&amp;#1;&amp;#0;&amp;#7;eventid&amp;#1;&amp;#0;
11:39:21,379 DEBUG DefaultVFS:222 - Find JAR URL: file:/E:/develop/workSpaceSelf/exercise/target/classes/com/zl/mybatis/pojo/UserCustom.class
11:39:21,379 DEBUG DefaultVFS:248 - Not a JAR: file:/E:/develop/workSpaceSelf/exercise/target/classes/com/zl/mybatis/pojo/UserCustom.class
11:39:21,380 DEBUG DefaultVFS:102 - Reader entry: 漱壕&amp;#0;&amp;#0;&amp;#0;4&amp;#0;&amp;#19;&amp;#7;&amp;#0;&amp;#2;&amp;#1;&amp;#0;&amp;#30;com/zl/mybatis/pojo/UserCustom&amp;#7;&amp;#0;&amp;#4;&amp;#1;&amp;#0;&amp;#24;com/zl/mybatis/pojo/User&amp;#1;&amp;#0;&amp;#14;birthday_start&amp;#1;&amp;#0;&amp;#16;Ljava/util/Date;&amp;#1;&amp;#0;&amp;#12;birthday_end&amp;#1;&amp;#0;&amp;#6;&lt;init&gt;&amp;#1;&amp;#0;&amp;#3;()V&amp;#1;&amp;#0;&amp;#4;Code
11:39:21,380 DEBUG ResolverUtil:256 - Checking to see if class com.zl.mybatis.pojo.Items matches criteria [is assignable to Object]
11:39:21,381 DEBUG ResolverUtil:256 - Checking to see if class com.zl.mybatis.pojo.Orderdetail matches criteria [is assignable to Object]
11:39:21,381 DEBUG ResolverUtil:256 - Checking to see if class com.zl.mybatis.pojo.Orders matches criteria [is assignable to Object]
11:39:21,381 DEBUG ResolverUtil:256 - Checking to see if class com.zl.mybatis.pojo.OrdersCustom matches criteria [is assignable to Object]
11:39:21,381 DEBUG ResolverUtil:256 - Checking to see if class com.zl.mybatis.pojo.QueryVo matches criteria [is assignable to Object]
11:39:21,382 DEBUG ResolverUtil:256 - Checking to see if class com.zl.mybatis.pojo.User matches criteria [is assignable to Object]
11:39:21,382 DEBUG ResolverUtil:256 - Checking to see if class com.zl.mybatis.pojo.UserAnswerRecord matches criteria [is assignable to Object]
11:39:21,382 DEBUG ResolverUtil:256 - Checking to see if class com.zl.mybatis.pojo.UserCustom matches criteria [is assignable to Object]
11:39:21,383 DEBUG LogFactory:135 - Logging initialized using &apos;class org.apache.ibatis.logging.log4j.Log4jImpl&apos; adapter.
11:39:21,385 DEBUG PooledDataSource:316 - PooledDataSource forcefully closed/removed all connections.
11:39:21,385 DEBUG PooledDataSource:316 - PooledDataSource forcefully closed/removed all connections.
11:39:21,385 DEBUG PooledDataSource:316 - PooledDataSource forcefully closed/removed all connections.
11:39:21,385 DEBUG PooledDataSource:316 - PooledDataSource forcefully closed/removed all connections.
11:39:21,386 DEBUG DefaultVFS:222 - Find JAR URL: file:/E:/develop/workSpaceSelf/exercise/target/classes/com/zl/mybatis/dao
11:39:21,387 DEBUG DefaultVFS:248 - Not a JAR: file:/E:/develop/workSpaceSelf/exercise/target/classes/com/zl/mybatis/dao
11:39:21,388 DEBUG DefaultVFS:102 - Reader entry: OrderMapper.class
11:39:21,388 DEBUG DefaultVFS:102 - Reader entry: OrderMapper.xml
11:39:21,388 DEBUG DefaultVFS:102 - Reader entry: OrderResultTypeMapper.class
11:39:21,389 DEBUG DefaultVFS:102 - Reader entry: OrderResultTypeMapper.xml
11:39:21,389 DEBUG DefaultVFS:102 - Reader entry: PromotionMapper.class
11:39:21,390 DEBUG DefaultVFS:102 - Reader entry: PromotionMapper.xml
11:39:21,390 DEBUG DefaultVFS:102 - Reader entry: UserAnswerRecordMapper.class
11:39:21,390 DEBUG DefaultVFS:102 - Reader entry: UserAnswerRecordMapper.xml
11:39:21,391 DEBUG DefaultVFS:102 - Reader entry: UserMapper.class
11:39:21,391 DEBUG DefaultVFS:102 - Reader entry: UserMapper.xml
11:39:21,391 DEBUG DefaultVFS:113 - Listing file:/E:/develop/workSpaceSelf/exercise/target/classes/com/zl/mybatis/dao
11:39:21,392 DEBUG DefaultVFS:222 - Find JAR URL: file:/E:/develop/workSpaceSelf/exercise/target/classes/com/zl/mybatis/dao/OrderMapper.class
11:39:21,392 DEBUG DefaultVFS:248 - Not a JAR: file:/E:/develop/workSpaceSelf/exercise/target/classes/com/zl/mybatis/dao/OrderMapper.class
11:39:21,392 DEBUG DefaultVFS:102 - Reader entry: 漱壕&amp;#0;&amp;#0;&amp;#0;4&amp;#0;&amp;#17;&amp;#7;&amp;#0;&amp;#2;&amp;#1;&amp;#0;&amp;#30;com/zl/mybatis/dao/OrderMapper&amp;#7;&amp;#0;&amp;#4;&amp;#1;&amp;#0;&amp;#16;java/lang/Object&amp;#1;&amp;#0;&amp;#22;findOrderListResultMap&amp;#1;&amp;#0;&amp;#18;()Ljava/util/List;&amp;#1;&amp;#0;
11:39:21,393 DEBUG DefaultVFS:222 - Find JAR URL: file:/E:/develop/workSpaceSelf/exercise/target/classes/com/zl/mybatis/dao/OrderMapper.xml
11:39:21,393 DEBUG DefaultVFS:248 - Not a JAR: file:/E:/develop/workSpaceSelf/exercise/target/classes/com/zl/mybatis/dao/OrderMapper.xml
11:39:21,394 DEBUG DefaultVFS:102 - Reader entry: &lt;?xml version=&quot;1.0&quot; encoding=&quot;UTF-8&quot;?&gt;
11:39:21,394 DEBUG DefaultVFS:222 - Find JAR URL: file:/E:/develop/workSpaceSelf/exercise/target/classes/com/zl/mybatis/dao/OrderResultTypeMapper.class
11:39:21,394 DEBUG DefaultVFS:248 - Not a JAR: file:/E:/develop/workSpaceSelf/exercise/target/classes/com/zl/mybatis/dao/OrderResultTypeMapper.class
11:39:21,395 DEBUG DefaultVFS:102 - Reader entry: 漱壕&amp;#0;&amp;#0;&amp;#0;4&amp;#0;&amp;#14;&amp;#7;&amp;#0;&amp;#2;&amp;#1;&amp;#0;(com/zl/mybatis/dao/OrderResultTypeMapper&amp;#7;&amp;#0;&amp;#4;&amp;#1;&amp;#0;&amp;#16;java/lang/Object&amp;#1;&amp;#0;&amp;#23;findOrderListResultType&amp;#1;&amp;#0;&amp;#18;()Ljava/util/List;&amp;#1;&amp;#0;
11:39:21,395 DEBUG DefaultVFS:222 - Find JAR URL: file:/E:/develop/workSpaceSelf/exercise/target/classes/com/zl/mybatis/dao/OrderResultTypeMapper.xml
11:39:21,395 DEBUG DefaultVFS:248 - Not a JAR: file:/E:/develop/workSpaceSelf/exercise/target/classes/com/zl/mybatis/dao/OrderResultTypeMapper.xml
11:39:21,396 DEBUG DefaultVFS:102 - Reader entry: &lt;?xml version=&quot;1.0&quot; encoding=&quot;UTF-8&quot;?&gt;
11:39:21,396 DEBUG DefaultVFS:222 - Find JAR URL: file:/E:/develop/workSpaceSelf/exercise/target/classes/com/zl/mybatis/dao/PromotionMapper.class
11:39:21,397 DEBUG DefaultVFS:248 - Not a JAR: file:/E:/develop/workSpaceSelf/exercise/target/classes/com/zl/mybatis/dao/PromotionMapper.class
11:39:21,397 DEBUG DefaultVFS:102 - Reader entry: 漱壕&amp;#0;&amp;#0;&amp;#0;4&amp;#0;&amp;#19;&amp;#7;&amp;#0;&amp;#2;&amp;#1;&amp;#0;&quot;com/zl/mybatis/dao/PromotionMapper&amp;#7;&amp;#0;&amp;#4;&amp;#1;&amp;#0;&amp;#16;java/lang/Object&amp;#1;&amp;#0;
11:39:21,397 DEBUG DefaultVFS:222 - Find JAR URL: file:/E:/develop/workSpaceSelf/exercise/target/classes/com/zl/mybatis/dao/PromotionMapper.xml
11:39:21,397 DEBUG DefaultVFS:248 - Not a JAR: file:/E:/develop/workSpaceSelf/exercise/target/classes/com/zl/mybatis/dao/PromotionMapper.xml
11:39:21,398 DEBUG DefaultVFS:102 - Reader entry: &lt;?xml version=&quot;1.0&quot; encoding=&quot;UTF-8&quot;?&gt;
11:39:21,398 DEBUG DefaultVFS:222 - Find JAR URL: file:/E:/develop/workSpaceSelf/exercise/target/classes/com/zl/mybatis/dao/UserAnswerRecordMapper.class
11:39:21,398 DEBUG DefaultVFS:248 - Not a JAR: file:/E:/develop/workSpaceSelf/exercise/target/classes/com/zl/mybatis/dao/UserAnswerRecordMapper.class
11:39:21,398 DEBUG DefaultVFS:102 - Reader entry: 漱壕&amp;#0;&amp;#0;&amp;#0;4&amp;#0;&amp;#20;&amp;#7;&amp;#0;&amp;#2;&amp;#1;&amp;#0;)com/zl/mybatis/dao/UserAnswerRecordMapper&amp;#7;&amp;#0;&amp;#4;&amp;#1;&amp;#0;&amp;#16;java/lang/Object&amp;#1;&amp;#0;&amp;#23;getUserAnswerRecordList&amp;#1;&amp;#0;;(Lcom/zl/mybatis/entity/UserAnswerQueryVo;)Ljava/util/List;&amp;#1;&amp;#0;	Signature&amp;#1;&amp;#0;c(Lcom/zl/mybatis/entity/UserAnswerQueryVo;)Ljava/util/List&lt;Lcom/zl/mybatis/pojo/UserAnswerRecord;&gt;;&amp;#1;&amp;#0;&amp;#22;delAnswerEvertRuleById&amp;#1;&amp;#0;&amp;#21;(Ljava/lang/String;)I&amp;#1;&amp;#0;&amp;#25;selectAnswerEvertRuleById&amp;#1;&amp;#0;$(Ljava/lang/String;)Ljava/util/List;&amp;#1;&amp;#0;9(Ljava/lang/String;)Ljava/util/List&lt;Ljava/lang/Integer;&gt;;&amp;#1;&amp;#0;&amp;#23;delAnswerEventConfnById&amp;#1;&amp;#0;&amp;#24;getUserAnswerRecordList1&amp;#1;&amp;#0;&amp;#15;insertRdoEnitiy&amp;#1;&amp;#0;&apos;(Lcom/zl/mybatis/entity/RdoOrderInfo;)V&amp;#1;&amp;#0;
11:39:21,399 DEBUG DefaultVFS:222 - Find JAR URL: file:/E:/develop/workSpaceSelf/exercise/target/classes/com/zl/mybatis/dao/UserAnswerRecordMapper.xml
11:39:21,399 DEBUG DefaultVFS:248 - Not a JAR: file:/E:/develop/workSpaceSelf/exercise/target/classes/com/zl/mybatis/dao/UserAnswerRecordMapper.xml
11:39:21,399 DEBUG DefaultVFS:102 - Reader entry: &lt;?xml version=&quot;1.0&quot; encoding=&quot;UTF-8&quot;?&gt;
11:39:21,400 DEBUG DefaultVFS:222 - Find JAR URL: file:/E:/develop/workSpaceSelf/exercise/target/classes/com/zl/mybatis/dao/UserMapper.class
11:39:21,400 DEBUG DefaultVFS:248 - Not a JAR: file:/E:/develop/workSpaceSelf/exercise/target/classes/com/zl/mybatis/dao/UserMapper.class
11:39:21,400 DEBUG DefaultVFS:102 - Reader entry: 漱壕&amp;#0;&amp;#0;&amp;#0;4&amp;#0; &amp;#7;&amp;#0;&amp;#2;&amp;#1;&amp;#0;&amp;#29;com/zl/mybatis/dao/UserMapper&amp;#7;&amp;#0;&amp;#4;&amp;#1;&amp;#0;&amp;#16;java/lang/Object&amp;#1;&amp;#0;&amp;#11;getUserById&amp;#1;&amp;#0;&amp;#29;(I)Lcom/zl/mybatis/pojo/User;&amp;#1;&amp;#0;
11:39:21,400 DEBUG DefaultVFS:222 - Find JAR URL: file:/E:/develop/workSpaceSelf/exercise/target/classes/com/zl/mybatis/dao/UserMapper.xml
11:39:21,400 DEBUG DefaultVFS:248 - Not a JAR: file:/E:/develop/workSpaceSelf/exercise/target/classes/com/zl/mybatis/dao/UserMapper.xml
11:39:21,401 DEBUG DefaultVFS:102 - Reader entry: &lt;?xml version=&quot;1.0&quot; encoding=&quot;UTF-8&quot;?&gt;
11:39:21,401 DEBUG ResolverUtil:256 - Checking to see if class com.zl.mybatis.dao.OrderMapper matches criteria [is assignable to Object]
11:39:21,401 DEBUG ResolverUtil:256 - Checking to see if class com.zl.mybatis.dao.OrderResultTypeMapper matches criteria [is assignable to Object]
11:39:21,402 DEBUG ResolverUtil:256 - Checking to see if class com.zl.mybatis.dao.PromotionMapper matches criteria [is assignable to Object]
11:39:21,402 DEBUG ResolverUtil:256 - Checking to see if class com.zl.mybatis.dao.UserAnswerRecordMapper matches criteria [is assignable to Object]
11:39:21,402 DEBUG ResolverUtil:256 - Checking to see if class com.zl.mybatis.dao.UserMapper matches criteria [is assignable to Object]
</system-out>
  </testcase>
</testsuite>